<?xml version="1.0" encoding="UTF-8"?>
<!-- Generated by org.testng.reporters.JUnitXMLReporter -->
<testsuite ignored="0" hostname="EC2AMAZ-S11DBRH" failures="0" tests="4" name="Default test" time="0.069" errors="0" timestamp="2023-11-27T12:30:54 GMT">
  <testcase classname="testScripts.sampleThreeTest" name="testFour" time="0.01"/>
  <testcase classname="testScripts.sampleThreeTest" name="testOne" time="0.002"/>
  <testcase classname="testScripts.sampleThreeTest" name="testThree" time="0.002"/>
  <testcase classname="testScripts.sampleThreeTest" name="testTwo" time="0.003"/>
</testsuite> <!-- Default test -->
