<?xml version="1.0" encoding="UTF-8"?>
<!-- Generated by org.testng.reporters.JUnitXMLReporter -->
<testsuite ignored="0" hostname="EC2AMAZ-S11DBRH" failures="0" tests="558" name="Default test" time="1.597" errors="0" timestamp="2023-11-27T13:22:54 GMT">
  <testcase classname="parellelScripts.sampleFourTest" name="testEight" time="0.01"/>
  <testcase classname="parellelScripts.sampleFourTest" name="testfive" time="0.001"/>
  <testcase classname="parellelScripts.sampleFourTest" name="testseven" time="0.007"/>
  <testcase classname="parellelScripts.sampleFourTest" name="testseven" time="0.009"/>
  <testcase classname="parellelScripts.sampleFourTest" name="testseven" time="0.009"/>
  <testcase classname="parellelScripts.sampleFourTest" name="testseven" time="0.003"/>
  <testcase classname="parellelScripts.sampleFourTest" name="testseven" time="0.005"/>
  <testcase classname="parellelScripts.sampleFourTest" name="testseven" time="0.002"/>
  <testcase classname="parellelScripts.sampleFourTest" name="testseven" time="0.002"/>
  <testcase classname="parellelScripts.sampleFourTest" name="testseven" time="0.027"/>
  <testcase classname="parellelScripts.sampleFourTest" name="testseven" time="0.007"/>
  <testcase classname="parellelScripts.sampleFourTest" name="testseven" time="0.009"/>
  <testcase classname="parellelScripts.sampleFourTest" name="testseven" time="0.009"/>
  <testcase classname="parellelScripts.sampleFourTest" name="testseven" time="0.002"/>
  <testcase classname="parellelScripts.sampleFourTest" name="testseven" time="0.016"/>
  <testcase classname="parellelScripts.sampleFourTest" name="testseven" time="0.017"/>
  <testcase classname="parellelScripts.sampleFourTest" name="testseven" time="0.017"/>
  <testcase classname="parellelScripts.sampleFourTest" name="testseven" time="0.024"/>
  <testcase classname="parellelScripts.sampleFourTest" name="testseven" time="0.021"/>
  <testcase classname="parellelScripts.sampleFourTest" name="testseven" time="0.002"/>
  <testcase classname="parellelScripts.sampleFourTest" name="testseven" time="0.033"/>
  <testcase classname="parellelScripts.sampleFourTest" name="testseven" time="0.033"/>
  <testcase classname="parellelScripts.sampleFourTest" name="testseven" time="0.003"/>
  <testcase classname="parellelScripts.sampleFourTest" name="testseven" time="0.045"/>
  <testcase classname="parellelScripts.sampleFourTest" name="testseven" time="0.049"/>
  <testcase classname="parellelScripts.sampleFourTest" name="testseven" time="0.05"/>
  <testcase classname="parellelScripts.sampleFourTest" name="testseven" time="0.052"/>
  <testcase classname="parellelScripts.sampleFourTest" name="testseven" time="0.001"/>
  <testcase classname="parellelScripts.sampleFourTest" name="testseven" time="0.002"/>
  <testcase classname="parellelScripts.sampleFourTest" name="testseven" time="0.003"/>
  <testcase classname="parellelScripts.sampleFourTest" name="testseven" time="0.001"/>
  <testcase classname="parellelScripts.sampleFourTest" name="testseven" time="0.035"/>
  <testcase classname="parellelScripts.sampleFourTest" name="testseven" time="0.001"/>
  <testcase classname="parellelScripts.sampleFourTest" name="testseven" time="0.003"/>
  <testcase classname="parellelScripts.sampleFourTest" name="testseven" time="0.002"/>
  <testcase classname="parellelScripts.sampleFourTest" name="testseven" time="0.002"/>
  <testcase classname="parellelScripts.sampleFourTest" name="testseven" time="0.003"/>
  <testcase classname="parellelScripts.sampleFourTest" name="testseven" time="0.002"/>
  <testcase classname="parellelScripts.sampleFourTest" name="testseven" time="0.005"/>
  <testcase classname="parellelScripts.sampleFourTest" name="testseven" time="0.005"/>
  <testcase classname="parellelScripts.sampleFourTest" name="testseven" time="0.122"/>
  <testcase classname="parellelScripts.sampleFourTest" name="testseven" time="0.008"/>
  <testcase classname="parellelScripts.sampleFourTest" name="testseven" time="0.016"/>
  <testcase classname="parellelScripts.sampleFourTest" name="testseven" time="0.02"/>
  <testcase classname="parellelScripts.sampleFourTest" name="testseven" time="0.043"/>
  <testcase classname="parellelScripts.sampleFourTest" name="testseven" time="0.003"/>
  <testcase classname="parellelScripts.sampleFourTest" name="testseven" time="0.001"/>
  <testcase classname="parellelScripts.sampleFourTest" name="testseven" time="0.085"/>
  <testcase classname="parellelScripts.sampleFourTest" name="testseven" time="0.093"/>
  <testcase classname="parellelScripts.sampleFourTest" name="testseven" time="0.002"/>
  <testcase classname="parellelScripts.sampleFourTest" name="testseven" time="0.103"/>
  <testcase classname="parellelScripts.sampleFourTest" name="testseven" time="0.108"/>
  <testcase classname="parellelScripts.sampleFourTest" name="testseven" time="0.111"/>
  <testcase classname="parellelScripts.sampleFourTest" name="testseven" time="0.002"/>
  <testcase classname="parellelScripts.sampleFourTest" name="testseven" time="0.002"/>
  <testcase classname="parellelScripts.sampleFourTest" name="testseven" time="0.125"/>
  <testcase classname="parellelScripts.sampleFourTest" name="testseven" time="0.129"/>
  <testcase classname="parellelScripts.sampleFourTest" name="testseven" time="0.002"/>
  <testcase classname="parellelScripts.sampleFourTest" name="testseven" time="0.136"/>
  <testcase classname="parellelScripts.sampleFourTest" name="testseven" time="0.002"/>
  <testcase classname="parellelScripts.sampleFourTest" name="testseven" time="0.0"/>
  <testcase classname="parellelScripts.sampleFourTest" name="testseven" time="0.009"/>
  <testcase classname="parellelScripts.sampleFourTest" name="testseven" time="0.007"/>
  <testcase classname="parellelScripts.sampleFourTest" name="testseven" time="0.019"/>
  <testcase classname="parellelScripts.sampleFourTest" name="testseven" time="0.031"/>
  <testcase classname="parellelScripts.sampleFourTest" name="testseven" time="0.037"/>
  <testcase classname="parellelScripts.sampleFourTest" name="testseven" time="0.001"/>
  <testcase classname="parellelScripts.sampleFourTest" name="testseven" time="0.043"/>
  <testcase classname="parellelScripts.sampleFourTest" name="testseven" time="0.003"/>
  <testcase classname="parellelScripts.sampleFourTest" name="testseven" time="0.001"/>
  <testcase classname="parellelScripts.sampleFourTest" name="testseven" time="0.001"/>
  <testcase classname="parellelScripts.sampleFourTest" name="testseven" time="0.074"/>
  <testcase classname="parellelScripts.sampleFourTest" name="testseven" time="0.001"/>
  <testcase classname="parellelScripts.sampleFourTest" name="testseven" time="0.081"/>
  <testcase classname="parellelScripts.sampleFourTest" name="testseven" time="0.001"/>
  <testcase classname="parellelScripts.sampleFourTest" name="testseven" time="0.002"/>
  <testcase classname="parellelScripts.sampleFourTest" name="testseven" time="0.002"/>
  <testcase classname="parellelScripts.sampleFourTest" name="testseven" time="0.001"/>
  <testcase classname="parellelScripts.sampleFourTest" name="testseven" time="0.002"/>
  <testcase classname="parellelScripts.sampleFourTest" name="testseven" time="0.002"/>
  <testcase classname="parellelScripts.sampleFourTest" name="testseven" time="0.003"/>
  <testcase classname="parellelScripts.sampleFourTest" name="testseven" time="0.002"/>
  <testcase classname="parellelScripts.sampleFourTest" name="testseven" time="0.001"/>
  <testcase classname="parellelScripts.sampleFourTest" name="testseven" time="0.134"/>
  <testcase classname="parellelScripts.sampleFourTest" name="testseven" time="0.017"/>
  <testcase classname="parellelScripts.sampleFourTest" name="testseven" time="0.001"/>
  <testcase classname="parellelScripts.sampleFourTest" name="testseven" time="0.009"/>
  <testcase classname="parellelScripts.sampleFourTest" name="testseven" time="0.044"/>
  <testcase classname="parellelScripts.sampleFourTest" name="testseven" time="0.002"/>
  <testcase classname="parellelScripts.sampleFourTest" name="testseven" time="0.002"/>
  <testcase classname="parellelScripts.sampleFourTest" name="testseven" time="0.001"/>
  <testcase classname="parellelScripts.sampleFourTest" name="testseven" time="0.001"/>
  <testcase classname="parellelScripts.sampleFourTest" name="testseven" time="0.004"/>
  <testcase classname="parellelScripts.sampleFourTest" name="testseven" time="0.002"/>
  <testcase classname="parellelScripts.sampleFourTest" name="testseven" time="0.001"/>
  <testcase classname="parellelScripts.sampleFourTest" name="testseven" time="0.086"/>
  <testcase classname="parellelScripts.sampleFourTest" name="testseven" time="0.001"/>
  <testcase classname="parellelScripts.sampleFourTest" name="testseven" time="0.006"/>
  <testcase classname="parellelScripts.sampleFourTest" name="testseven" time="0.109"/>
  <testcase classname="parellelScripts.sampleFourTest" name="testseven" time="0.107"/>
  <testcase classname="parellelScripts.sampleFourTest" name="testseven" time="0.111"/>
  <testcase classname="parellelScripts.sampleFourTest" name="testseven" time="0.129"/>
  <testcase classname="parellelScripts.sampleFourTest" name="testseven" time="0.01"/>
  <testcase classname="parellelScripts.sampleFourTest" name="testseven" time="0.007"/>
  <testcase classname="parellelScripts.sampleFourTest" name="testseven" time="0.003"/>
  <testcase classname="parellelScripts.sampleFourTest" name="testseven" time="0.001"/>
  <testcase classname="parellelScripts.sampleFourTest" name="testseven" time="0.155"/>
  <testcase classname="parellelScripts.sampleFourTest" name="testseven" time="0.002"/>
  <testcase classname="parellelScripts.sampleFourTest" name="testseven" time="0.005"/>
  <testcase classname="parellelScripts.sampleFourTest" name="testseven" time="0.003"/>
  <testcase classname="parellelScripts.sampleFourTest" name="testseven" time="0.001"/>
  <testcase classname="parellelScripts.sampleFourTest" name="testseven" time="0.002"/>
  <testcase classname="parellelScripts.sampleFourTest" name="testseven" time="0.004"/>
  <testcase classname="parellelScripts.sampleFourTest" name="testseven" time="0.009"/>
  <testcase classname="parellelScripts.sampleFourTest" name="testseven" time="0.029"/>
  <testcase classname="parellelScripts.sampleFourTest" name="testseven" time="0.028"/>
  <testcase classname="parellelScripts.sampleFourTest" name="testseven" time="0.035"/>
  <testcase classname="parellelScripts.sampleFourTest" name="testseven" time="0.001"/>
  <testcase classname="parellelScripts.sampleFourTest" name="testseven" time="0.001"/>
  <testcase classname="parellelScripts.sampleFourTest" name="testseven" time="0.003"/>
  <testcase classname="parellelScripts.sampleFourTest" name="testseven" time="0.004"/>
  <testcase classname="parellelScripts.sampleFourTest" name="testseven" time="0.002"/>
  <testcase classname="parellelScripts.sampleFourTest" name="testseven" time="0.001"/>
  <testcase classname="parellelScripts.sampleFourTest" name="testseven" time="0.001"/>
  <testcase classname="parellelScripts.sampleFourTest" name="testseven" time="0.003"/>
  <testcase classname="parellelScripts.sampleFourTest" name="testseven" time="0.06"/>
  <testcase classname="parellelScripts.sampleFourTest" name="testseven" time="0.001"/>
  <testcase classname="parellelScripts.sampleFourTest" name="testseven" time="0.001"/>
  <testcase classname="parellelScripts.sampleFourTest" name="testseven" time="0.107"/>
  <testcase classname="parellelScripts.sampleFourTest" name="testseven" time="0.133"/>
  <testcase classname="parellelScripts.sampleFourTest" name="testseven" time="0.139"/>
  <testcase classname="parellelScripts.sampleFourTest" name="testseven" time="0.157"/>
  <testcase classname="parellelScripts.sampleFourTest" name="testseven" time="0.001"/>
  <testcase classname="parellelScripts.sampleFourTest" name="testseven" time="0.002"/>
  <testcase classname="parellelScripts.sampleFourTest" name="testseven" time="0.005"/>
  <testcase classname="parellelScripts.sampleFourTest" name="testseven" time="0.007"/>
  <testcase classname="parellelScripts.sampleFourTest" name="testseven" time="0.01"/>
  <testcase classname="parellelScripts.sampleFourTest" name="testseven" time="0.001"/>
  <testcase classname="parellelScripts.sampleFourTest" name="testseven" time="0.0"/>
  <testcase classname="parellelScripts.sampleFourTest" name="testseven" time="0.002"/>
  <testcase classname="parellelScripts.sampleFourTest" name="testseven" time="0.034"/>
  <testcase classname="parellelScripts.sampleFourTest" name="testseven" time="0.037"/>
  <testcase classname="parellelScripts.sampleFourTest" name="testseven" time="0.041"/>
  <testcase classname="parellelScripts.sampleFourTest" name="testseven" time="0.0"/>
  <testcase classname="parellelScripts.sampleFourTest" name="testseven" time="0.002"/>
  <testcase classname="parellelScripts.sampleFourTest" name="testseven" time="0.052"/>
  <testcase classname="parellelScripts.sampleFourTest" name="testseven" time="0.053"/>
  <testcase classname="parellelScripts.sampleFourTest" name="testseven" time="0.054"/>
  <testcase classname="parellelScripts.sampleFourTest" name="testseven" time="0.07"/>
  <testcase classname="parellelScripts.sampleFourTest" name="testseven" time="0.001"/>
  <testcase classname="parellelScripts.sampleFourTest" name="testseven" time="0.074"/>
  <testcase classname="parellelScripts.sampleFourTest" name="testseven" time="0.077"/>
  <testcase classname="parellelScripts.sampleFourTest" name="testseven" time="0.0"/>
  <testcase classname="parellelScripts.sampleFourTest" name="testseven" time="0.001"/>
  <testcase classname="parellelScripts.sampleFourTest" name="testseven" time="0.001"/>
  <testcase classname="parellelScripts.sampleFourTest" name="testseven" time="0.003"/>
  <testcase classname="parellelScripts.sampleFourTest" name="testseven" time="0.001"/>
  <testcase classname="parellelScripts.sampleFourTest" name="testseven" time="0.01"/>
  <testcase classname="parellelScripts.sampleFourTest" name="testseven" time="0.0"/>
  <testcase classname="parellelScripts.sampleFourTest" name="testseven" time="0.0"/>
  <testcase classname="parellelScripts.sampleFourTest" name="testseven" time="0.005"/>
  <testcase classname="parellelScripts.sampleFourTest" name="testseven" time="0.001"/>
  <testcase classname="parellelScripts.sampleFourTest" name="testseven" time="0.004"/>
  <testcase classname="parellelScripts.sampleFourTest" name="testseven" time="0.001"/>
  <testcase classname="parellelScripts.sampleFourTest" name="testseven" time="0.017"/>
  <testcase classname="parellelScripts.sampleFourTest" name="testseven" time="0.027"/>
  <testcase classname="parellelScripts.sampleFourTest" name="testseven" time="0.001"/>
  <testcase classname="parellelScripts.sampleFourTest" name="testseven" time="0.032"/>
  <testcase classname="parellelScripts.sampleFourTest" name="testseven" time="0.034"/>
  <testcase classname="parellelScripts.sampleFourTest" name="testseven" time="0.001"/>
  <testcase classname="parellelScripts.sampleFourTest" name="testseven" time="0.002"/>
  <testcase classname="parellelScripts.sampleFourTest" name="testseven" time="0.001"/>
  <testcase classname="parellelScripts.sampleFourTest" name="testseven" time="0.001"/>
  <testcase classname="parellelScripts.sampleFourTest" name="testseven" time="0.006"/>
  <testcase classname="parellelScripts.sampleFourTest" name="testseven" time="0.001"/>
  <testcase classname="parellelScripts.sampleFourTest" name="testseven" time="0.069"/>
  <testcase classname="parellelScripts.sampleFourTest" name="testseven" time="0.001"/>
  <testcase classname="parellelScripts.sampleFourTest" name="testseven" time="0.002"/>
  <testcase classname="parellelScripts.sampleFourTest" name="testseven" time="0.007"/>
  <testcase classname="parellelScripts.sampleFourTest" name="testseven" time="0.002"/>
  <testcase classname="parellelScripts.sampleFourTest" name="testseven" time="0.04"/>
  <testcase classname="parellelScripts.sampleFourTest" name="testseven" time="0.007"/>
  <testcase classname="parellelScripts.sampleFourTest" name="testseven" time="0.001"/>
  <testcase classname="parellelScripts.sampleFourTest" name="testseven" time="0.001"/>
  <testcase classname="parellelScripts.sampleFourTest" name="testseven" time="0.006"/>
  <testcase classname="parellelScripts.sampleFourTest" name="testseven" time="0.007"/>
  <testcase classname="parellelScripts.sampleFourTest" name="testseven" time="0.064"/>
  <testcase classname="parellelScripts.sampleFourTest" name="testseven" time="0.004"/>
  <testcase classname="parellelScripts.sampleFourTest" name="testseven" time="0.084"/>
  <testcase classname="parellelScripts.sampleFourTest" name="testseven" time="0.005"/>
  <testcase classname="parellelScripts.sampleFourTest" name="testseven" time="0.005"/>
  <testcase classname="parellelScripts.sampleFourTest" name="testseven" time="0.001"/>
  <testcase classname="parellelScripts.sampleFourTest" name="testseven" time="0.011"/>
  <testcase classname="parellelScripts.sampleFourTest" name="testseven" time="0.118"/>
  <testcase classname="parellelScripts.sampleFourTest" name="testseven" time="0.122"/>
  <testcase classname="parellelScripts.sampleFourTest" name="testseven" time="0.128"/>
  <testcase classname="parellelScripts.sampleFourTest" name="testseven" time="0.001"/>
  <testcase classname="parellelScripts.sampleFourTest" name="testseven" time="0.137"/>
  <testcase classname="parellelScripts.sampleFourTest" name="testseven" time="0.001"/>
  <testcase classname="parellelScripts.sampleFourTest" name="testseven" time="0.001"/>
  <testcase classname="parellelScripts.sampleFourTest" name="testseven" time="0.0"/>
  <testcase classname="parellelScripts.sampleFourTest" name="testseven" time="0.001"/>
  <testcase classname="parellelScripts.sampleFourTest" name="testseven" time="0.001"/>
  <testcase classname="parellelScripts.sampleFourTest" name="testseven" time="0.161"/>
  <testcase classname="parellelScripts.sampleFourTest" name="testseven" time="0.164"/>
  <testcase classname="parellelScripts.sampleFourTest" name="testseven" time="0.166"/>
  <testcase classname="parellelScripts.sampleFourTest" name="testseven" time="0.009"/>
  <testcase classname="parellelScripts.sampleFourTest" name="testseven" time="0.001"/>
  <testcase classname="parellelScripts.sampleFourTest" name="testseven" time="0.001"/>
  <testcase classname="parellelScripts.sampleFourTest" name="testseven" time="0.002"/>
  <testcase classname="parellelScripts.sampleFourTest" name="testseven" time="0.001"/>
  <testcase classname="parellelScripts.sampleFourTest" name="testseven" time="0.001"/>
  <testcase classname="parellelScripts.sampleFourTest" name="testseven" time="0.04"/>
  <testcase classname="parellelScripts.sampleFourTest" name="testseven" time="0.0"/>
  <testcase classname="parellelScripts.sampleFourTest" name="testseven" time="0.049"/>
  <testcase classname="parellelScripts.sampleFourTest" name="testseven" time="0.001"/>
  <testcase classname="parellelScripts.sampleFourTest" name="testseven" time="0.06"/>
  <testcase classname="parellelScripts.sampleFourTest" name="testseven" time="0.001"/>
  <testcase classname="parellelScripts.sampleFourTest" name="testseven" time="0.067"/>
  <testcase classname="parellelScripts.sampleFourTest" name="testseven" time="0.069"/>
  <testcase classname="parellelScripts.sampleFourTest" name="testseven" time="0.002"/>
  <testcase classname="parellelScripts.sampleFourTest" name="testseven" time="0.002"/>
  <testcase classname="parellelScripts.sampleFourTest" name="testseven" time="0.001"/>
  <testcase classname="parellelScripts.sampleFourTest" name="testseven" time="0.113"/>
  <testcase classname="parellelScripts.sampleFourTest" name="testseven" time="0.089"/>
  <testcase classname="parellelScripts.sampleFourTest" name="testseven" time="0.125"/>
  <testcase classname="parellelScripts.sampleFourTest" name="testseven" time="0.158"/>
  <testcase classname="parellelScripts.sampleFourTest" name="testseven" time="0.002"/>
  <testcase classname="parellelScripts.sampleFourTest" name="testseven" time="0.17"/>
  <testcase classname="parellelScripts.sampleFourTest" name="testseven" time="0.001"/>
  <testcase classname="parellelScripts.sampleFourTest" name="testseven" time="0.174"/>
  <testcase classname="parellelScripts.sampleFourTest" name="testseven" time="0.001"/>
  <testcase classname="parellelScripts.sampleFourTest" name="testseven" time="0.005"/>
  <testcase classname="parellelScripts.sampleFourTest" name="testseven" time="0.001"/>
  <testcase classname="parellelScripts.sampleFourTest" name="testseven" time="0.001"/>
  <testcase classname="parellelScripts.sampleFourTest" name="testseven" time="0.0"/>
  <testcase classname="parellelScripts.sampleFourTest" name="testseven" time="0.001"/>
  <testcase classname="parellelScripts.sampleFourTest" name="testseven" time="0.018"/>
  <testcase classname="parellelScripts.sampleFourTest" name="testseven" time="0.001"/>
  <testcase classname="parellelScripts.sampleFourTest" name="testseven" time="0.027"/>
  <testcase classname="parellelScripts.sampleFourTest" name="testseven" time="0.029"/>
  <testcase classname="parellelScripts.sampleFourTest" name="testseven" time="0.001"/>
  <testcase classname="parellelScripts.sampleFourTest" name="testseven" time="0.049"/>
  <testcase classname="parellelScripts.sampleFourTest" name="testseven" time="0.001"/>
  <testcase classname="parellelScripts.sampleFourTest" name="testseven" time="0.0"/>
  <testcase classname="parellelScripts.sampleFourTest" name="testseven" time="0.001"/>
  <testcase classname="parellelScripts.sampleFourTest" name="testseven" time="0.001"/>
  <testcase classname="parellelScripts.sampleFourTest" name="testseven" time="0.002"/>
  <testcase classname="parellelScripts.sampleFourTest" name="testseven" time="0.001"/>
  <testcase classname="parellelScripts.sampleFourTest" name="testseven" time="0.001"/>
  <testcase classname="parellelScripts.sampleFourTest" name="testseven" time="0.003"/>
  <testcase classname="parellelScripts.sampleFourTest" name="testseven" time="0.001"/>
  <testcase classname="parellelScripts.sampleFourTest" name="testseven" time="0.001"/>
  <testcase classname="parellelScripts.sampleFourTest" name="testseven" time="0.001"/>
  <testcase classname="parellelScripts.sampleFourTest" name="testseven" time="0.004"/>
  <testcase classname="parellelScripts.sampleFourTest" name="testseven" time="0.001"/>
  <testcase classname="parellelScripts.sampleFourTest" name="testseven" time="0.001"/>
  <testcase classname="parellelScripts.sampleFourTest" name="testseven" time="0.091"/>
  <testcase classname="parellelScripts.sampleFourTest" name="testseven" time="0.001"/>
  <testcase classname="parellelScripts.sampleFourTest" name="testseven" time="0.001"/>
  <testcase classname="parellelScripts.sampleFourTest" name="testseven" time="0.003"/>
  <testcase classname="parellelScripts.sampleFourTest" name="testseven" time="0.027"/>
  <testcase classname="parellelScripts.sampleFourTest" name="testseven" time="0.004"/>
  <testcase classname="parellelScripts.sampleFourTest" name="testseven" time="0.003"/>
  <testcase classname="parellelScripts.sampleFourTest" name="testseven" time="0.13"/>
  <testcase classname="parellelScripts.sampleFourTest" name="testseven" time="0.001"/>
  <testcase classname="parellelScripts.sampleFourTest" name="testseven" time="0.001"/>
  <testcase classname="parellelScripts.sampleFourTest" name="testseven" time="0.001"/>
  <testcase classname="parellelScripts.sampleFourTest" name="testseven" time="0.0"/>
  <testcase classname="parellelScripts.sampleFourTest" name="testseven" time="0.001"/>
  <testcase classname="parellelScripts.sampleFourTest" name="testseven" time="0.001"/>
  <testcase classname="parellelScripts.sampleFourTest" name="testseven" time="0.001"/>
  <testcase classname="parellelScripts.sampleFourTest" name="testseven" time="0.0"/>
  <testcase classname="parellelScripts.sampleFourTest" name="testseven" time="0.005"/>
  <testcase classname="parellelScripts.sampleFourTest" name="testseven" time="0.001"/>
  <testcase classname="parellelScripts.sampleFourTest" name="testseven" time="0.001"/>
  <testcase classname="parellelScripts.sampleFourTest" name="testseven" time="0.001"/>
  <testcase classname="parellelScripts.sampleFourTest" name="testseven" time="0.015"/>
  <testcase classname="parellelScripts.sampleFourTest" name="testseven" time="0.0"/>
  <testcase classname="parellelScripts.sampleFourTest" name="testseven" time="0.021"/>
  <testcase classname="parellelScripts.sampleFourTest" name="testseven" time="0.051"/>
  <testcase classname="parellelScripts.sampleFourTest" name="testseven" time="0.001"/>
  <testcase classname="parellelScripts.sampleFourTest" name="testseven" time="0.001"/>
  <testcase classname="parellelScripts.sampleFourTest" name="testseven" time="0.092"/>
  <testcase classname="parellelScripts.sampleFourTest" name="testseven" time="0.096"/>
  <testcase classname="parellelScripts.sampleFourTest" name="testseven" time="0.0"/>
  <testcase classname="parellelScripts.sampleFourTest" name="testseven" time="0.097"/>
  <testcase classname="parellelScripts.sampleFourTest" name="testseven" time="0.099"/>
  <testcase classname="parellelScripts.sampleFourTest" name="testseven" time="0.1"/>
  <testcase classname="parellelScripts.sampleFourTest" name="testseven" time="0.103"/>
  <testcase classname="parellelScripts.sampleFourTest" name="testseven" time="0.104"/>
  <testcase classname="parellelScripts.sampleFourTest" name="testseven" time="0.001"/>
  <testcase classname="parellelScripts.sampleFourTest" name="testseven" time="0.004"/>
  <testcase classname="parellelScripts.sampleFourTest" name="testseven" time="0.0"/>
  <testcase classname="parellelScripts.sampleFourTest" name="testseven" time="0.009"/>
  <testcase classname="parellelScripts.sampleFourTest" name="testseven" time="0.01"/>
  <testcase classname="parellelScripts.sampleFourTest" name="testseven" time="0.011"/>
  <testcase classname="parellelScripts.sampleFourTest" name="testseven" time="0.001"/>
  <testcase classname="parellelScripts.sampleFourTest" name="testseven" time="0.001"/>
  <testcase classname="parellelScripts.sampleFourTest" name="testseven" time="0.0"/>
  <testcase classname="parellelScripts.sampleFourTest" name="testseven" time="0.014"/>
  <testcase classname="parellelScripts.sampleFourTest" name="testseven" time="0.0"/>
  <testcase classname="parellelScripts.sampleFourTest" name="testseven" time="0.016"/>
  <testcase classname="parellelScripts.sampleFourTest" name="testseven" time="0.02"/>
  <testcase classname="parellelScripts.sampleFourTest" name="testseven" time="0.001"/>
  <testcase classname="parellelScripts.sampleFourTest" name="testseven" time="0.002"/>
  <testcase classname="parellelScripts.sampleFourTest" name="testseven" time="0.001"/>
  <testcase classname="parellelScripts.sampleFourTest" name="testseven" time="0.005"/>
  <testcase classname="parellelScripts.sampleFourTest" name="testseven" time="0.003"/>
  <testcase classname="parellelScripts.sampleFourTest" name="testseven" time="0.01"/>
  <testcase classname="parellelScripts.sampleFourTest" name="testseven" time="0.001"/>
  <testcase classname="parellelScripts.sampleFourTest" name="testseven" time="0.001"/>
  <testcase classname="parellelScripts.sampleFourTest" name="testseven" time="0.001"/>
  <testcase classname="parellelScripts.sampleFourTest" name="testseven" time="0.001"/>
  <testcase classname="parellelScripts.sampleFourTest" name="testseven" time="0.003"/>
  <testcase classname="parellelScripts.sampleFourTest" name="testseven" time="0.005"/>
  <testcase classname="parellelScripts.sampleFourTest" name="testseven" time="0.002"/>
  <testcase classname="parellelScripts.sampleFourTest" name="testseven" time="0.001"/>
  <testcase classname="parellelScripts.sampleFourTest" name="testseven" time="0.046"/>
  <testcase classname="parellelScripts.sampleFourTest" name="testseven" time="0.001"/>
  <testcase classname="parellelScripts.sampleFourTest" name="testseven" time="0.001"/>
  <testcase classname="parellelScripts.sampleFourTest" name="testseven" time="0.004"/>
  <testcase classname="parellelScripts.sampleFourTest" name="testseven" time="0.0"/>
  <testcase classname="parellelScripts.sampleFourTest" name="testseven" time="0.001"/>
  <testcase classname="parellelScripts.sampleFourTest" name="testseven" time="0.061"/>
  <testcase classname="parellelScripts.sampleFourTest" name="testseven" time="0.001"/>
  <testcase classname="parellelScripts.sampleFourTest" name="testseven" time="0.062"/>
  <testcase classname="parellelScripts.sampleFourTest" name="testseven" time="0.063"/>
  <testcase classname="parellelScripts.sampleFourTest" name="testseven" time="0.064"/>
  <testcase classname="parellelScripts.sampleFourTest" name="testseven" time="0.0"/>
  <testcase classname="parellelScripts.sampleFourTest" name="testseven" time="0.066"/>
  <testcase classname="parellelScripts.sampleFourTest" name="testseven" time="0.066"/>
  <testcase classname="parellelScripts.sampleFourTest" name="testseven" time="0.067"/>
  <testcase classname="parellelScripts.sampleFourTest" name="testseven" time="0.001"/>
  <testcase classname="parellelScripts.sampleFourTest" name="testseven" time="0.003"/>
  <testcase classname="parellelScripts.sampleFourTest" name="testseven" time="0.072"/>
  <testcase classname="parellelScripts.sampleFourTest" name="testseven" time="0.001"/>
  <testcase classname="parellelScripts.sampleFourTest" name="testseven" time="0.001"/>
  <testcase classname="parellelScripts.sampleFourTest" name="testseven" time="0.0"/>
  <testcase classname="parellelScripts.sampleFourTest" name="testseven" time="0.001"/>
  <testcase classname="parellelScripts.sampleFourTest" name="testseven" time="0.002"/>
  <testcase classname="parellelScripts.sampleFourTest" name="testseven" time="0.045"/>
  <testcase classname="parellelScripts.sampleFourTest" name="testseven" time="0.0"/>
  <testcase classname="parellelScripts.sampleFourTest" name="testseven" time="0.0"/>
  <testcase classname="parellelScripts.sampleFourTest" name="testseven" time="0.0"/>
  <testcase classname="parellelScripts.sampleFourTest" name="testseven" time="0.0"/>
  <testcase classname="parellelScripts.sampleFourTest" name="testseven" time="0.001"/>
  <testcase classname="parellelScripts.sampleFourTest" name="testseven" time="0.045"/>
  <testcase classname="parellelScripts.sampleFourTest" name="testseven" time="0.005"/>
  <testcase classname="parellelScripts.sampleFourTest" name="testseven" time="0.002"/>
  <testcase classname="parellelScripts.sampleFourTest" name="testseven" time="0.002"/>
  <testcase classname="parellelScripts.sampleFourTest" name="testseven" time="0.001"/>
  <testcase classname="parellelScripts.sampleFourTest" name="testseven" time="0.001"/>
  <testcase classname="parellelScripts.sampleFourTest" name="testseven" time="0.001"/>
  <testcase classname="parellelScripts.sampleFourTest" name="testseven" time="0.079"/>
  <testcase classname="parellelScripts.sampleFourTest" name="testseven" time="0.079"/>
  <testcase classname="parellelScripts.sampleFourTest" name="testseven" time="0.082"/>
  <testcase classname="parellelScripts.sampleFourTest" name="testseven" time="0.095"/>
  <testcase classname="parellelScripts.sampleFourTest" name="testseven" time="0.001"/>
  <testcase classname="parellelScripts.sampleFourTest" name="testseven" time="0.097"/>
  <testcase classname="parellelScripts.sampleFourTest" name="testseven" time="0.001"/>
  <testcase classname="parellelScripts.sampleFourTest" name="testseven" time="0.001"/>
  <testcase classname="parellelScripts.sampleFourTest" name="testseven" time="0.001"/>
  <testcase classname="parellelScripts.sampleFourTest" name="testseven" time="0.0"/>
  <testcase classname="parellelScripts.sampleFourTest" name="testseven" time="0.001"/>
  <testcase classname="parellelScripts.sampleFourTest" name="testseven" time="0.0"/>
  <testcase classname="parellelScripts.sampleFourTest" name="testseven" time="0.001"/>
  <testcase classname="parellelScripts.sampleFourTest" name="testseven" time="0.147"/>
  <testcase classname="parellelScripts.sampleFourTest" name="testseven" time="0.111"/>
  <testcase classname="parellelScripts.sampleFourTest" name="testseven" time="0.001"/>
  <testcase classname="parellelScripts.sampleFourTest" name="testseven" time="0.001"/>
  <testcase classname="parellelScripts.sampleFourTest" name="testseven" time="0.0"/>
  <testcase classname="parellelScripts.sampleFourTest" name="testseven" time="0.001"/>
  <testcase classname="parellelScripts.sampleFourTest" name="testseven" time="0.001"/>
  <testcase classname="parellelScripts.sampleFourTest" name="testseven" time="0.001"/>
  <testcase classname="parellelScripts.sampleFourTest" name="testseven" time="0.001"/>
  <testcase classname="parellelScripts.sampleFourTest" name="testseven" time="0.001"/>
  <testcase classname="parellelScripts.sampleFourTest" name="testseven" time="0.001"/>
  <testcase classname="parellelScripts.sampleFourTest" name="testseven" time="0.001"/>
  <testcase classname="parellelScripts.sampleFourTest" name="testseven" time="0.001"/>
  <testcase classname="parellelScripts.sampleFourTest" name="testseven" time="0.001"/>
  <testcase classname="parellelScripts.sampleFourTest" name="testseven" time="0.023"/>
  <testcase classname="parellelScripts.sampleFourTest" name="testseven" time="0.026"/>
  <testcase classname="parellelScripts.sampleFourTest" name="testseven" time="0.052"/>
  <testcase classname="parellelScripts.sampleFourTest" name="testseven" time="0.201"/>
  <testcase classname="parellelScripts.sampleFourTest" name="testseven" time="0.0"/>
  <testcase classname="parellelScripts.sampleFourTest" name="testseven" time="0.001"/>
  <testcase classname="parellelScripts.sampleFourTest" name="testseven" time="0.0"/>
  <testcase classname="parellelScripts.sampleFourTest" name="testseven" time="0.001"/>
  <testcase classname="parellelScripts.sampleFourTest" name="testseven" time="0.041"/>
  <testcase classname="parellelScripts.sampleFourTest" name="testseven" time="0.042"/>
  <testcase classname="parellelScripts.sampleFourTest" name="testseven" time="0.001"/>
  <testcase classname="parellelScripts.sampleFourTest" name="testseven" time="0.062"/>
  <testcase classname="parellelScripts.sampleFourTest" name="testseven" time="0.064"/>
  <testcase classname="parellelScripts.sampleFourTest" name="testseven" time="0.0"/>
  <testcase classname="parellelScripts.sampleFourTest" name="testseven" time="0.007"/>
  <testcase classname="parellelScripts.sampleFourTest" name="testseven" time="0.093"/>
  <testcase classname="parellelScripts.sampleFourTest" name="testseven" time="0.006"/>
  <testcase classname="parellelScripts.sampleFourTest" name="testseven" time="0.0"/>
  <testcase classname="parellelScripts.sampleFourTest" name="testseven" time="0.03"/>
  <testcase classname="parellelScripts.sampleFourTest" name="testseven" time="0.004"/>
  <testcase classname="parellelScripts.sampleFourTest" name="testseven" time="0.0"/>
  <testcase classname="parellelScripts.sampleFourTest" name="testseven" time="0.0"/>
  <testcase classname="parellelScripts.sampleFourTest" name="testseven" time="0.131"/>
  <testcase classname="parellelScripts.sampleFourTest" name="testseven" time="0.003"/>
  <testcase classname="parellelScripts.sampleFourTest" name="testseven" time="0.132"/>
  <testcase classname="parellelScripts.sampleFourTest" name="testseven" time="0.001"/>
  <testcase classname="parellelScripts.sampleFourTest" name="testseven" time="0.007"/>
  <testcase classname="parellelScripts.sampleFourTest" name="testseven" time="0.001"/>
  <testcase classname="parellelScripts.sampleFourTest" name="testseven" time="0.001"/>
  <testcase classname="parellelScripts.sampleFourTest" name="testseven" time="0.161"/>
  <testcase classname="parellelScripts.sampleFourTest" name="testseven" time="0.0"/>
  <testcase classname="parellelScripts.sampleFourTest" name="testseven" time="0.217"/>
  <testcase classname="parellelScripts.sampleFourTest" name="testseven" time="0.0"/>
  <testcase classname="parellelScripts.sampleFourTest" name="testseven" time="0.002"/>
  <testcase classname="parellelScripts.sampleFourTest" name="testseven" time="0.0"/>
  <testcase classname="parellelScripts.sampleFourTest" name="testseven" time="0.0"/>
  <testcase classname="parellelScripts.sampleFourTest" name="testseven" time="0.001"/>
  <testcase classname="parellelScripts.sampleFourTest" name="testseven" time="0.003"/>
  <testcase classname="parellelScripts.sampleFourTest" name="testseven" time="0.012"/>
  <testcase classname="parellelScripts.sampleFourTest" name="testseven" time="0.0"/>
  <testcase classname="parellelScripts.sampleFourTest" name="testseven" time="0.012"/>
  <testcase classname="parellelScripts.sampleFourTest" name="testseven" time="0.001"/>
  <testcase classname="parellelScripts.sampleFourTest" name="testseven" time="0.0"/>
  <testcase classname="parellelScripts.sampleFourTest" name="testseven" time="0.027"/>
  <testcase classname="parellelScripts.sampleFourTest" name="testseven" time="0.08"/>
  <testcase classname="parellelScripts.sampleFourTest" name="testseven" time="0.081"/>
  <testcase classname="parellelScripts.sampleFourTest" name="testseven" time="0.081"/>
  <testcase classname="parellelScripts.sampleFourTest" name="testseven" time="0.083"/>
  <testcase classname="parellelScripts.sampleFourTest" name="testseven" time="0.002"/>
  <testcase classname="parellelScripts.sampleFourTest" name="testseven" time="0.0"/>
  <testcase classname="parellelScripts.sampleFourTest" name="testseven" time="0.0"/>
  <testcase classname="parellelScripts.sampleFourTest" name="testseven" time="0.0"/>
  <testcase classname="parellelScripts.sampleFourTest" name="testseven" time="0.004"/>
  <testcase classname="parellelScripts.sampleFourTest" name="testseven" time="0.003"/>
  <testcase classname="parellelScripts.sampleFourTest" name="testseven" time="0.0"/>
  <testcase classname="parellelScripts.sampleFourTest" name="testseven" time="0.001"/>
  <testcase classname="parellelScripts.sampleFourTest" name="testseven" time="0.001"/>
  <testcase classname="parellelScripts.sampleFourTest" name="testseven" time="0.009"/>
  <testcase classname="parellelScripts.sampleFourTest" name="testseven" time="0.009"/>
  <testcase classname="parellelScripts.sampleFourTest" name="testseven" time="0.009"/>
  <testcase classname="parellelScripts.sampleFourTest" name="testseven" time="0.009"/>
  <testcase classname="parellelScripts.sampleFourTest" name="testseven" time="0.01"/>
  <testcase classname="parellelScripts.sampleFourTest" name="testseven" time="0.012"/>
  <testcase classname="parellelScripts.sampleFourTest" name="testseven" time="0.014"/>
  <testcase classname="parellelScripts.sampleFourTest" name="testseven" time="0.001"/>
  <testcase classname="parellelScripts.sampleFourTest" name="testseven" time="0.001"/>
  <testcase classname="parellelScripts.sampleFourTest" name="testseven" time="0.0"/>
  <testcase classname="parellelScripts.sampleFourTest" name="testseven" time="0.017"/>
  <testcase classname="parellelScripts.sampleFourTest" name="testseven" time="0.0"/>
  <testcase classname="parellelScripts.sampleFourTest" name="testseven" time="0.001"/>
  <testcase classname="parellelScripts.sampleFourTest" name="testseven" time="0.0"/>
  <testcase classname="parellelScripts.sampleFourTest" name="testseven" time="0.001"/>
  <testcase classname="parellelScripts.sampleFourTest" name="testseven" time="0.001"/>
  <testcase classname="parellelScripts.sampleFourTest" name="testseven" time="0.001"/>
  <testcase classname="parellelScripts.sampleFourTest" name="testseven" time="0.001"/>
  <testcase classname="parellelScripts.sampleFourTest" name="testseven" time="0.001"/>
  <testcase classname="parellelScripts.sampleFourTest" name="testseven" time="0.001"/>
  <testcase classname="parellelScripts.sampleFourTest" name="testseven" time="0.003"/>
  <testcase classname="parellelScripts.sampleFourTest" name="testseven" time="0.001"/>
  <testcase classname="parellelScripts.sampleFourTest" name="testseven" time="0.001"/>
  <testcase classname="parellelScripts.sampleFourTest" name="testseven" time="0.0"/>
  <testcase classname="parellelScripts.sampleFourTest" name="testseven" time="0.001"/>
  <testcase classname="parellelScripts.sampleFourTest" name="testseven" time="0.001"/>
  <testcase classname="parellelScripts.sampleFourTest" name="testseven" time="0.001"/>
  <testcase classname="parellelScripts.sampleFourTest" name="testseven" time="0.003"/>
  <testcase classname="parellelScripts.sampleFourTest" name="testseven" time="0.001"/>
  <testcase classname="parellelScripts.sampleFourTest" name="testseven" time="0.001"/>
  <testcase classname="parellelScripts.sampleFourTest" name="testseven" time="0.0"/>
  <testcase classname="parellelScripts.sampleFourTest" name="testseven" time="0.001"/>
  <testcase classname="parellelScripts.sampleFourTest" name="testseven" time="0.0"/>
  <testcase classname="parellelScripts.sampleFourTest" name="testseven" time="0.0"/>
  <testcase classname="parellelScripts.sampleFourTest" name="testseven" time="0.001"/>
  <testcase classname="parellelScripts.sampleFourTest" name="testseven" time="0.062"/>
  <testcase classname="parellelScripts.sampleFourTest" name="testseven" time="0.0"/>
  <testcase classname="parellelScripts.sampleFourTest" name="testseven" time="0.001"/>
  <testcase classname="parellelScripts.sampleFourTest" name="testseven" time="0.023"/>
  <testcase classname="parellelScripts.sampleFourTest" name="testseven" time="0.0"/>
  <testcase classname="parellelScripts.sampleFourTest" name="testseven" time="0.041"/>
  <testcase classname="parellelScripts.sampleFourTest" name="testseven" time="0.041"/>
  <testcase classname="parellelScripts.sampleFourTest" name="testseven" time="0.043"/>
  <testcase classname="parellelScripts.sampleFourTest" name="testseven" time="0.002"/>
  <testcase classname="parellelScripts.sampleFourTest" name="testseven" time="0.0"/>
  <testcase classname="parellelScripts.sampleFourTest" name="testseven" time="0.001"/>
  <testcase classname="parellelScripts.sampleFourTest" name="testseven" time="0.001"/>
  <testcase classname="parellelScripts.sampleFourTest" name="testseven" time="0.0"/>
  <testcase classname="parellelScripts.sampleFourTest" name="testseven" time="0.0"/>
  <testcase classname="parellelScripts.sampleFourTest" name="testseven" time="0.0"/>
  <testcase classname="parellelScripts.sampleFourTest" name="testseven" time="0.001"/>
  <testcase classname="parellelScripts.sampleFourTest" name="testseven" time="0.001"/>
  <testcase classname="parellelScripts.sampleFourTest" name="testseven" time="0.0"/>
  <testcase classname="parellelScripts.sampleFourTest" name="testseven" time="0.0"/>
  <testcase classname="parellelScripts.sampleFourTest" name="testseven" time="0.001"/>
  <testcase classname="parellelScripts.sampleFourTest" name="testseven" time="0.002"/>
  <testcase classname="parellelScripts.sampleFourTest" name="testseven" time="0.001"/>
  <testcase classname="parellelScripts.sampleFourTest" name="testseven" time="0.002"/>
  <testcase classname="parellelScripts.sampleFourTest" name="testseven" time="0.0"/>
  <testcase classname="parellelScripts.sampleFourTest" name="testseven" time="0.0"/>
  <testcase classname="parellelScripts.sampleFourTest" name="testseven" time="0.0"/>
  <testcase classname="parellelScripts.sampleFourTest" name="testseven" time="0.0"/>
  <testcase classname="parellelScripts.sampleFourTest" name="testseven" time="0.069"/>
  <testcase classname="parellelScripts.sampleFourTest" name="testseven" time="0.001"/>
  <testcase classname="parellelScripts.sampleFourTest" name="testseven" time="0.003"/>
  <testcase classname="parellelScripts.sampleFourTest" name="testseven" time="0.001"/>
  <testcase classname="parellelScripts.sampleFourTest" name="testseven" time="0.001"/>
  <testcase classname="parellelScripts.sampleFourTest" name="testseven" time="0.001"/>
  <testcase classname="parellelScripts.sampleFourTest" name="testseven" time="0.001"/>
  <testcase classname="parellelScripts.sampleFourTest" name="testseven" time="0.001"/>
  <testcase classname="parellelScripts.sampleFourTest" name="testseven" time="0.001"/>
  <testcase classname="parellelScripts.sampleFourTest" name="testseven" time="0.004"/>
  <testcase classname="parellelScripts.sampleFourTest" name="testseven" time="0.0"/>
  <testcase classname="parellelScripts.sampleFourTest" name="testseven" time="0.008"/>
  <testcase classname="parellelScripts.sampleFourTest" name="testseven" time="0.002"/>
  <testcase classname="parellelScripts.sampleFourTest" name="testseven" time="0.001"/>
  <testcase classname="parellelScripts.sampleFourTest" name="testseven" time="0.0"/>
  <testcase classname="parellelScripts.sampleFourTest" name="testseven" time="0.0"/>
  <testcase classname="parellelScripts.sampleFourTest" name="testseven" time="0.001"/>
  <testcase classname="parellelScripts.sampleFourTest" name="testseven" time="0.0"/>
  <testcase classname="parellelScripts.sampleFourTest" name="testseven" time="0.0"/>
  <testcase classname="parellelScripts.sampleFourTest" name="testseven" time="0.001"/>
  <testcase classname="parellelScripts.sampleFourTest" name="testseven" time="0.048"/>
  <testcase classname="parellelScripts.sampleFourTest" name="testseven" time="0.002"/>
  <testcase classname="parellelScripts.sampleFourTest" name="testseven" time="0.032"/>
  <testcase classname="parellelScripts.sampleFourTest" name="testseven" time="0.252"/>
  <testcase classname="parellelScripts.sampleFourTest" name="testseven" time="0.059"/>
  <testcase classname="parellelScripts.sampleFourTest" name="testseven" time="0.06"/>
  <testcase classname="parellelScripts.sampleFourTest" name="testseven" time="0.0"/>
  <testcase classname="parellelScripts.sampleFourTest" name="testseven" time="0.211"/>
  <testcase classname="parellelScripts.sampleFourTest" name="testseven" time="0.0"/>
  <testcase classname="parellelScripts.sampleFourTest" name="testseven" time="0.0"/>
  <testcase classname="parellelScripts.sampleFourTest" name="testseven" time="0.0"/>
  <testcase classname="parellelScripts.sampleFourTest" name="testseven" time="0.001"/>
  <testcase classname="parellelScripts.sampleFourTest" name="testseven" time="0.001"/>
  <testcase classname="parellelScripts.sampleFourTest" name="testseven" time="0.001"/>
  <testcase classname="parellelScripts.sampleFourTest" name="testseven" time="0.001"/>
  <testcase classname="parellelScripts.sampleFourTest" name="testseven" time="0.003"/>
  <testcase classname="parellelScripts.sampleFourTest" name="testseven" time="0.0"/>
  <testcase classname="parellelScripts.sampleFourTest" name="testseven" time="0.0"/>
  <testcase classname="parellelScripts.sampleFourTest" name="testseven" time="0.0"/>
  <testcase classname="parellelScripts.sampleFourTest" name="testseven" time="0.02"/>
  <testcase classname="parellelScripts.sampleFourTest" name="testseven" time="0.02"/>
  <testcase classname="parellelScripts.sampleFourTest" name="testseven" time="0.232"/>
  <testcase classname="parellelScripts.sampleFourTest" name="testseven" time="0.086"/>
  <testcase classname="parellelScripts.sampleFourTest" name="testseven" time="0.185"/>
  <testcase classname="parellelScripts.sampleFourTest" name="testseven" time="0.332"/>
  <testcase classname="parellelScripts.sampleFourTest" name="testseven" time="0.331"/>
  <testcase classname="parellelScripts.sampleFourTest" name="testseven" time="0.331"/>
  <testcase classname="parellelScripts.sampleFourTest" name="testseven" time="0.28"/>
  <testcase classname="parellelScripts.sampleFourTest" name="testseven" time="0.19"/>
  <testcase classname="parellelScripts.sampleFourTest" name="testseven" time="0.192"/>
  <testcase classname="parellelScripts.sampleFourTest" name="testseven" time="0.194"/>
  <testcase classname="parellelScripts.sampleFourTest" name="testseven" time="0.386"/>
  <testcase classname="parellelScripts.sampleFourTest" name="testseven" time="0.196"/>
  <testcase classname="parellelScripts.sampleFourTest" name="testseven" time="0.386"/>
  <testcase classname="parellelScripts.sampleFourTest" name="testseven" time="0.386"/>
  <testcase classname="parellelScripts.sampleFourTest" name="testseven" time="0.199"/>
  <testcase classname="parellelScripts.sampleFourTest" name="testseven" time="0.204"/>
  <testcase classname="parellelScripts.sampleFourTest" name="testsix" time="0.002"/>
</testsuite> <!-- Default test -->
