<?xml version="1.0" encoding="UTF-8"?>
<!-- Generated by org.testng.reporters.JUnitXMLReporter -->
<testsuite ignored="0" hostname="EC2AMAZ-S11DBRH" failures="0" tests="8" name="Moduleone" time="0.108" errors="0" timestamp="2023-11-27T13:12:21 GMT">
  <testcase classname="parellelScripts.sampleFive" name="testEight" time="0.011"/>
  <testcase classname="parellelScripts.sampleFive" name="testfive" time="0.004"/>
  <testcase classname="parellelScripts.sampleFive" name="testseven" time="0.002"/>
  <testcase classname="parellelScripts.sampleFive" name="testsix" time="0.002"/>
  <testcase classname="parellelScripts.sampleFourTest" name="testEight" time="0.002"/>
  <testcase classname="parellelScripts.sampleFourTest" name="testfive" time="0.003"/>
  <testcase classname="parellelScripts.sampleFourTest" name="testseven" time="0.002"/>
  <testcase classname="parellelScripts.sampleFourTest" name="testsix" time="0.003"/>
</testsuite> <!-- Moduleone -->
