<?xml version="1.0" encoding="UTF-8"?>
<!-- Generated by org.testng.reporters.JUnitXMLReporter -->
<testsuite ignored="0" hostname="EC2AMAZ-S11DBRH" failures="0" tests="8" name="Test" time="0.079" errors="0" timestamp="2023-11-27T13:08:01 GMT">
  <testcase classname="parellelScripts.sampleFourTest" name="testEight" time="0.01"/>
  <testcase classname="parellelScripts.sampleFive" name="testEight" time="0.01"/>
  <testcase classname="parellelScripts.sampleFourTest" name="testfive" time="0.002"/>
  <testcase classname="parellelScripts.sampleFive" name="testfive" time="0.002"/>
  <testcase classname="parellelScripts.sampleFourTest" name="testseven" time="0.002"/>
  <testcase classname="parellelScripts.sampleFive" name="testseven" time="0.002"/>
  <testcase classname="parellelScripts.sampleFourTest" name="testsix" time="0.004"/>
  <testcase classname="parellelScripts.sampleFive" name="testsix" time="0.001"/>
</testsuite> <!-- Test -->
