<?xml version="1.0" encoding="UTF-8"?>
<testng-results ignored="0" total="4" passed="4" failed="0" skipped="0">
  <reporter-output>
  </reporter-output>
  <suite started-at="2023-11-27T12:30:54 GMT" name="Default suite" finished-at="2023-11-27T12:30:54 GMT" duration-ms="69">
    <groups>
      <group name="featureOne">
        <method signature="sampleThreeTest.testFour()[pri:0, instance:testScripts.sampleThreeTest@c03cf28]" name="testFour" class="testScripts.sampleThreeTest"/>
        <method signature="sampleThreeTest.testTwo()[pri:0, instance:testScripts.sampleThreeTest@c03cf28]" name="testTwo" class="testScripts.sampleThreeTest"/>
      </group> <!-- featureOne -->
    </groups>
    <test started-at="2023-11-27T12:30:54 GMT" name="Default test" finished-at="2023-11-27T12:30:54 GMT" duration-ms="69">
      <class name="testScripts.sampleThreeTest">
        <test-method signature="testFour()[pri:0, instance:testScripts.sampleThreeTest@c03cf28]" started-at="2023-11-27T12:30:54 GMT" name="testFour" finished-at="2023-11-27T12:30:54 GMT" duration-ms="10" status="PASS">
          <reporter-output>
          </reporter-output>
        </test-method> <!-- testFour -->
        <test-method signature="testOne()[pri:0, instance:testScripts.sampleThreeTest@c03cf28]" started-at="2023-11-27T12:30:54 GMT" name="testOne" finished-at="2023-11-27T12:30:54 GMT" duration-ms="2" status="PASS">
          <reporter-output>
          </reporter-output>
        </test-method> <!-- testOne -->
        <test-method signature="testThree()[pri:0, instance:testScripts.sampleThreeTest@c03cf28]" started-at="2023-11-27T12:30:54 GMT" name="testThree" finished-at="2023-11-27T12:30:54 GMT" duration-ms="2" status="PASS">
          <reporter-output>
          </reporter-output>
        </test-method> <!-- testThree -->
        <test-method signature="testTwo()[pri:0, instance:testScripts.sampleThreeTest@c03cf28]" started-at="2023-11-27T12:30:54 GMT" name="testTwo" finished-at="2023-11-27T12:30:54 GMT" duration-ms="3" status="PASS">
          <reporter-output>
          </reporter-output>
        </test-method> <!-- testTwo -->
      </class> <!-- testScripts.sampleThreeTest -->
    </test> <!-- Default test -->
  </suite> <!-- Default suite -->
</testng-results>
