<?xml version="1.0" encoding="UTF-8"?>
<testng-results ignored="0" total="558" passed="558" failed="0" skipped="0">
  <reporter-output>
  </reporter-output>
  <suite started-at="2023-11-27T13:22:52 GMT" name="Default suite" finished-at="2023-11-27T13:22:54 GMT" duration-ms="1597">
    <groups>
      <group name="featureOne">
        <method signature="sampleFourTest.testsix()[pri:0, instance:parellelScripts.sampleFourTest@c03cf28]" name="testsix" class="parellelScripts.sampleFourTest"/>
      </group> <!-- featureOne -->
    </groups>
    <test started-at="2023-11-27T13:22:52 GMT" name="Default test" finished-at="2023-11-27T13:22:54 GMT" duration-ms="1597">
      <class name="parellelScripts.sampleFourTest">
        <test-method signature="testEight()[pri:0, instance:parellelScripts.sampleFourTest@c03cf28]" started-at="2023-11-27T13:22:52 GMT" name="testEight" finished-at="2023-11-27T13:22:52 GMT" duration-ms="10" status="PASS">
          <reporter-output>
          </reporter-output>
        </test-method> <!-- testEight -->
        <test-method signature="testfive()[pri:0, instance:parellelScripts.sampleFourTest@c03cf28]" started-at="2023-11-27T13:22:52 GMT" name="testfive" finished-at="2023-11-27T13:22:52 GMT" duration-ms="1" status="PASS">
          <reporter-output>
          </reporter-output>
        </test-method> <!-- testfive -->
        <test-method signature="testseven()[pri:0, instance:parellelScripts.sampleFourTest@c03cf28]" started-at="2023-11-27T13:22:52 GMT" name="testseven" finished-at="2023-11-27T13:22:52 GMT" duration-ms="9" status="PASS">
          <reporter-output>
          </reporter-output>
        </test-method> <!-- testseven -->
        <test-method signature="testseven()[pri:0, instance:parellelScripts.sampleFourTest@c03cf28]" started-at="2023-11-27T13:22:52 GMT" name="testseven" finished-at="2023-11-27T13:22:52 GMT" duration-ms="27" status="PASS">
          <reporter-output>
          </reporter-output>
        </test-method> <!-- testseven -->
        <test-method signature="testseven()[pri:0, instance:parellelScripts.sampleFourTest@c03cf28]" started-at="2023-11-27T13:22:52 GMT" name="testseven" finished-at="2023-11-27T13:22:52 GMT" duration-ms="7" status="PASS">
          <reporter-output>
          </reporter-output>
        </test-method> <!-- testseven -->
        <test-method signature="testseven()[pri:0, instance:parellelScripts.sampleFourTest@c03cf28]" started-at="2023-11-27T13:22:52 GMT" name="testseven" finished-at="2023-11-27T13:22:52 GMT" duration-ms="9" status="PASS">
          <reporter-output>
          </reporter-output>
        </test-method> <!-- testseven -->
        <test-method signature="testseven()[pri:0, instance:parellelScripts.sampleFourTest@c03cf28]" started-at="2023-11-27T13:22:52 GMT" name="testseven" finished-at="2023-11-27T13:22:52 GMT" duration-ms="52" status="PASS">
          <reporter-output>
          </reporter-output>
        </test-method> <!-- testseven -->
        <test-method signature="testseven()[pri:0, instance:parellelScripts.sampleFourTest@c03cf28]" started-at="2023-11-27T13:22:52 GMT" name="testseven" finished-at="2023-11-27T13:22:52 GMT" duration-ms="50" status="PASS">
          <reporter-output>
          </reporter-output>
        </test-method> <!-- testseven -->
        <test-method signature="testseven()[pri:0, instance:parellelScripts.sampleFourTest@c03cf28]" started-at="2023-11-27T13:22:52 GMT" name="testseven" finished-at="2023-11-27T13:22:52 GMT" duration-ms="49" status="PASS">
          <reporter-output>
          </reporter-output>
        </test-method> <!-- testseven -->
        <test-method signature="testseven()[pri:0, instance:parellelScripts.sampleFourTest@c03cf28]" started-at="2023-11-27T13:22:52 GMT" name="testseven" finished-at="2023-11-27T13:22:52 GMT" duration-ms="45" status="PASS">
          <reporter-output>
          </reporter-output>
        </test-method> <!-- testseven -->
        <test-method signature="testseven()[pri:0, instance:parellelScripts.sampleFourTest@c03cf28]" started-at="2023-11-27T13:22:52 GMT" name="testseven" finished-at="2023-11-27T13:22:52 GMT" duration-ms="5" status="PASS">
          <reporter-output>
          </reporter-output>
        </test-method> <!-- testseven -->
        <test-method signature="testseven()[pri:0, instance:parellelScripts.sampleFourTest@c03cf28]" started-at="2023-11-27T13:22:52 GMT" name="testseven" finished-at="2023-11-27T13:22:52 GMT" duration-ms="3" status="PASS">
          <reporter-output>
          </reporter-output>
        </test-method> <!-- testseven -->
        <test-method signature="testseven()[pri:0, instance:parellelScripts.sampleFourTest@c03cf28]" started-at="2023-11-27T13:22:52 GMT" name="testseven" finished-at="2023-11-27T13:22:52 GMT" duration-ms="33" status="PASS">
          <reporter-output>
          </reporter-output>
        </test-method> <!-- testseven -->
        <test-method signature="testseven()[pri:0, instance:parellelScripts.sampleFourTest@c03cf28]" started-at="2023-11-27T13:22:52 GMT" name="testseven" finished-at="2023-11-27T13:22:52 GMT" duration-ms="33" status="PASS">
          <reporter-output>
          </reporter-output>
        </test-method> <!-- testseven -->
        <test-method signature="testseven()[pri:0, instance:parellelScripts.sampleFourTest@c03cf28]" started-at="2023-11-27T13:22:52 GMT" name="testseven" finished-at="2023-11-27T13:22:52 GMT" duration-ms="24" status="PASS">
          <reporter-output>
          </reporter-output>
        </test-method> <!-- testseven -->
        <test-method signature="testseven()[pri:0, instance:parellelScripts.sampleFourTest@c03cf28]" started-at="2023-11-27T13:22:52 GMT" name="testseven" finished-at="2023-11-27T13:22:52 GMT" duration-ms="2" status="PASS">
          <reporter-output>
          </reporter-output>
        </test-method> <!-- testseven -->
        <test-method signature="testseven()[pri:0, instance:parellelScripts.sampleFourTest@c03cf28]" started-at="2023-11-27T13:22:52 GMT" name="testseven" finished-at="2023-11-27T13:22:52 GMT" duration-ms="21" status="PASS">
          <reporter-output>
          </reporter-output>
        </test-method> <!-- testseven -->
        <test-method signature="testseven()[pri:0, instance:parellelScripts.sampleFourTest@c03cf28]" started-at="2023-11-27T13:22:52 GMT" name="testseven" finished-at="2023-11-27T13:22:52 GMT" duration-ms="16" status="PASS">
          <reporter-output>
          </reporter-output>
        </test-method> <!-- testseven -->
        <test-method signature="testseven()[pri:0, instance:parellelScripts.sampleFourTest@c03cf28]" started-at="2023-11-27T13:22:52 GMT" name="testseven" finished-at="2023-11-27T13:22:52 GMT" duration-ms="17" status="PASS">
          <reporter-output>
          </reporter-output>
        </test-method> <!-- testseven -->
        <test-method signature="testseven()[pri:0, instance:parellelScripts.sampleFourTest@c03cf28]" started-at="2023-11-27T13:22:52 GMT" name="testseven" finished-at="2023-11-27T13:22:52 GMT" duration-ms="17" status="PASS">
          <reporter-output>
          </reporter-output>
        </test-method> <!-- testseven -->
        <test-method signature="testseven()[pri:0, instance:parellelScripts.sampleFourTest@c03cf28]" started-at="2023-11-27T13:22:52 GMT" name="testseven" finished-at="2023-11-27T13:22:52 GMT" duration-ms="2" status="PASS">
          <reporter-output>
          </reporter-output>
        </test-method> <!-- testseven -->
        <test-method signature="testseven()[pri:0, instance:parellelScripts.sampleFourTest@c03cf28]" started-at="2023-11-27T13:22:52 GMT" name="testseven" finished-at="2023-11-27T13:22:52 GMT" duration-ms="9" status="PASS">
          <reporter-output>
          </reporter-output>
        </test-method> <!-- testseven -->
        <test-method signature="testseven()[pri:0, instance:parellelScripts.sampleFourTest@c03cf28]" started-at="2023-11-27T13:22:52 GMT" name="testseven" finished-at="2023-11-27T13:22:52 GMT" duration-ms="9" status="PASS">
          <reporter-output>
          </reporter-output>
        </test-method> <!-- testseven -->
        <test-method signature="testseven()[pri:0, instance:parellelScripts.sampleFourTest@c03cf28]" started-at="2023-11-27T13:22:52 GMT" name="testseven" finished-at="2023-11-27T13:22:52 GMT" duration-ms="7" status="PASS">
          <reporter-output>
          </reporter-output>
        </test-method> <!-- testseven -->
        <test-method signature="testseven()[pri:0, instance:parellelScripts.sampleFourTest@c03cf28]" started-at="2023-11-27T13:22:52 GMT" name="testseven" finished-at="2023-11-27T13:22:53 GMT" duration-ms="122" status="PASS">
          <reporter-output>
          </reporter-output>
        </test-method> <!-- testseven -->
        <test-method signature="testseven()[pri:0, instance:parellelScripts.sampleFourTest@c03cf28]" started-at="2023-11-27T13:22:52 GMT" name="testseven" finished-at="2023-11-27T13:22:52 GMT" duration-ms="2" status="PASS">
          <reporter-output>
          </reporter-output>
        </test-method> <!-- testseven -->
        <test-method signature="testseven()[pri:0, instance:parellelScripts.sampleFourTest@c03cf28]" started-at="2023-11-27T13:22:52 GMT" name="testseven" finished-at="2023-11-27T13:22:52 GMT" duration-ms="2" status="PASS">
          <reporter-output>
          </reporter-output>
        </test-method> <!-- testseven -->
        <test-method signature="testseven()[pri:0, instance:parellelScripts.sampleFourTest@c03cf28]" started-at="2023-11-27T13:22:52 GMT" name="testseven" finished-at="2023-11-27T13:22:52 GMT" duration-ms="35" status="PASS">
          <reporter-output>
          </reporter-output>
        </test-method> <!-- testseven -->
        <test-method signature="testseven()[pri:0, instance:parellelScripts.sampleFourTest@c03cf28]" started-at="2023-11-27T13:22:52 GMT" name="testseven" finished-at="2023-11-27T13:22:52 GMT" duration-ms="3" status="PASS">
          <reporter-output>
          </reporter-output>
        </test-method> <!-- testseven -->
        <test-method signature="testseven()[pri:0, instance:parellelScripts.sampleFourTest@c03cf28]" started-at="2023-11-27T13:22:52 GMT" name="testseven" finished-at="2023-11-27T13:22:52 GMT" duration-ms="1" status="PASS">
          <reporter-output>
          </reporter-output>
        </test-method> <!-- testseven -->
        <test-method signature="testseven()[pri:0, instance:parellelScripts.sampleFourTest@c03cf28]" started-at="2023-11-27T13:22:52 GMT" name="testseven" finished-at="2023-11-27T13:22:52 GMT" duration-ms="2" status="PASS">
          <reporter-output>
          </reporter-output>
        </test-method> <!-- testseven -->
        <test-method signature="testseven()[pri:0, instance:parellelScripts.sampleFourTest@c03cf28]" started-at="2023-11-27T13:22:52 GMT" name="testseven" finished-at="2023-11-27T13:22:52 GMT" duration-ms="3" status="PASS">
          <reporter-output>
          </reporter-output>
        </test-method> <!-- testseven -->
        <test-method signature="testseven()[pri:0, instance:parellelScripts.sampleFourTest@c03cf28]" started-at="2023-11-27T13:22:52 GMT" name="testseven" finished-at="2023-11-27T13:22:53 GMT" duration-ms="136" status="PASS">
          <reporter-output>
          </reporter-output>
        </test-method> <!-- testseven -->
        <test-method signature="testseven()[pri:0, instance:parellelScripts.sampleFourTest@c03cf28]" started-at="2023-11-27T13:22:52 GMT" name="testseven" finished-at="2023-11-27T13:22:52 GMT" duration-ms="1" status="PASS">
          <reporter-output>
          </reporter-output>
        </test-method> <!-- testseven -->
        <test-method signature="testseven()[pri:0, instance:parellelScripts.sampleFourTest@c03cf28]" started-at="2023-11-27T13:22:52 GMT" name="testseven" finished-at="2023-11-27T13:22:53 GMT" duration-ms="129" status="PASS">
          <reporter-output>
          </reporter-output>
        </test-method> <!-- testseven -->
        <test-method signature="testseven()[pri:0, instance:parellelScripts.sampleFourTest@c03cf28]" started-at="2023-11-27T13:22:52 GMT" name="testseven" finished-at="2023-11-27T13:22:53 GMT" duration-ms="125" status="PASS">
          <reporter-output>
          </reporter-output>
        </test-method> <!-- testseven -->
        <test-method signature="testseven()[pri:0, instance:parellelScripts.sampleFourTest@c03cf28]" started-at="2023-11-27T13:22:52 GMT" name="testseven" finished-at="2023-11-27T13:22:53 GMT" duration-ms="108" status="PASS">
          <reporter-output>
          </reporter-output>
        </test-method> <!-- testseven -->
        <test-method signature="testseven()[pri:0, instance:parellelScripts.sampleFourTest@c03cf28]" started-at="2023-11-27T13:22:52 GMT" name="testseven" finished-at="2023-11-27T13:22:53 GMT" duration-ms="111" status="PASS">
          <reporter-output>
          </reporter-output>
        </test-method> <!-- testseven -->
        <test-method signature="testseven()[pri:0, instance:parellelScripts.sampleFourTest@c03cf28]" started-at="2023-11-27T13:22:52 GMT" name="testseven" finished-at="2023-11-27T13:22:53 GMT" duration-ms="103" status="PASS">
          <reporter-output>
          </reporter-output>
        </test-method> <!-- testseven -->
        <test-method signature="testseven()[pri:0, instance:parellelScripts.sampleFourTest@c03cf28]" started-at="2023-11-27T13:22:52 GMT" name="testseven" finished-at="2023-11-27T13:22:52 GMT" duration-ms="1" status="PASS">
          <reporter-output>
          </reporter-output>
        </test-method> <!-- testseven -->
        <test-method signature="testseven()[pri:0, instance:parellelScripts.sampleFourTest@c03cf28]" started-at="2023-11-27T13:22:52 GMT" name="testseven" finished-at="2023-11-27T13:22:53 GMT" duration-ms="93" status="PASS">
          <reporter-output>
          </reporter-output>
        </test-method> <!-- testseven -->
        <test-method signature="testseven()[pri:0, instance:parellelScripts.sampleFourTest@c03cf28]" started-at="2023-11-27T13:22:52 GMT" name="testseven" finished-at="2023-11-27T13:22:52 GMT" duration-ms="3" status="PASS">
          <reporter-output>
          </reporter-output>
        </test-method> <!-- testseven -->
        <test-method signature="testseven()[pri:0, instance:parellelScripts.sampleFourTest@c03cf28]" started-at="2023-11-27T13:22:52 GMT" name="testseven" finished-at="2023-11-27T13:22:53 GMT" duration-ms="85" status="PASS">
          <reporter-output>
          </reporter-output>
        </test-method> <!-- testseven -->
        <test-method signature="testseven()[pri:0, instance:parellelScripts.sampleFourTest@c03cf28]" started-at="2023-11-27T13:22:52 GMT" name="testseven" finished-at="2023-11-27T13:22:52 GMT" duration-ms="2" status="PASS">
          <reporter-output>
          </reporter-output>
        </test-method> <!-- testseven -->
        <test-method signature="testseven()[pri:0, instance:parellelScripts.sampleFourTest@c03cf28]" started-at="2023-11-27T13:22:52 GMT" name="testseven" finished-at="2023-11-27T13:22:52 GMT" duration-ms="2" status="PASS">
          <reporter-output>
          </reporter-output>
        </test-method> <!-- testseven -->
        <test-method signature="testseven()[pri:0, instance:parellelScripts.sampleFourTest@c03cf28]" started-at="2023-11-27T13:22:52 GMT" name="testseven" finished-at="2023-11-27T13:22:52 GMT" duration-ms="3" status="PASS">
          <reporter-output>
          </reporter-output>
        </test-method> <!-- testseven -->
        <test-method signature="testseven()[pri:0, instance:parellelScripts.sampleFourTest@c03cf28]" started-at="2023-11-27T13:22:52 GMT" name="testseven" finished-at="2023-11-27T13:22:52 GMT" duration-ms="2" status="PASS">
          <reporter-output>
          </reporter-output>
        </test-method> <!-- testseven -->
        <test-method signature="testseven()[pri:0, instance:parellelScripts.sampleFourTest@c03cf28]" started-at="2023-11-27T13:22:52 GMT" name="testseven" finished-at="2023-11-27T13:22:53 GMT" duration-ms="43" status="PASS">
          <reporter-output>
          </reporter-output>
        </test-method> <!-- testseven -->
        <test-method signature="testseven()[pri:0, instance:parellelScripts.sampleFourTest@c03cf28]" started-at="2023-11-27T13:22:52 GMT" name="testseven" finished-at="2023-11-27T13:22:53 GMT" duration-ms="5" status="PASS">
          <reporter-output>
          </reporter-output>
        </test-method> <!-- testseven -->
        <test-method signature="testseven()[pri:0, instance:parellelScripts.sampleFourTest@c03cf28]" started-at="2023-11-27T13:22:53 GMT" name="testseven" finished-at="2023-11-27T13:22:53 GMT" duration-ms="5" status="PASS">
          <reporter-output>
          </reporter-output>
        </test-method> <!-- testseven -->
        <test-method signature="testseven()[pri:0, instance:parellelScripts.sampleFourTest@c03cf28]" started-at="2023-11-27T13:22:53 GMT" name="testseven" finished-at="2023-11-27T13:22:53 GMT" duration-ms="20" status="PASS">
          <reporter-output>
          </reporter-output>
        </test-method> <!-- testseven -->
        <test-method signature="testseven()[pri:0, instance:parellelScripts.sampleFourTest@c03cf28]" started-at="2023-11-27T13:22:53 GMT" name="testseven" finished-at="2023-11-27T13:22:53 GMT" duration-ms="16" status="PASS">
          <reporter-output>
          </reporter-output>
        </test-method> <!-- testseven -->
        <test-method signature="testseven()[pri:0, instance:parellelScripts.sampleFourTest@c03cf28]" started-at="2023-11-27T13:22:53 GMT" name="testseven" finished-at="2023-11-27T13:22:53 GMT" duration-ms="8" status="PASS">
          <reporter-output>
          </reporter-output>
        </test-method> <!-- testseven -->
        <test-method signature="testseven()[pri:0, instance:parellelScripts.sampleFourTest@c03cf28]" started-at="2023-11-27T13:22:53 GMT" name="testseven" finished-at="2023-11-27T13:22:53 GMT" duration-ms="134" status="PASS">
          <reporter-output>
          </reporter-output>
        </test-method> <!-- testseven -->
        <test-method signature="testseven()[pri:0, instance:parellelScripts.sampleFourTest@c03cf28]" started-at="2023-11-27T13:22:53 GMT" name="testseven" finished-at="2023-11-27T13:22:53 GMT" duration-ms="3" status="PASS">
          <reporter-output>
          </reporter-output>
        </test-method> <!-- testseven -->
        <test-method signature="testseven()[pri:0, instance:parellelScripts.sampleFourTest@c03cf28]" started-at="2023-11-27T13:22:53 GMT" name="testseven" finished-at="2023-11-27T13:22:53 GMT" duration-ms="1" status="PASS">
          <reporter-output>
          </reporter-output>
        </test-method> <!-- testseven -->
        <test-method signature="testseven()[pri:0, instance:parellelScripts.sampleFourTest@c03cf28]" started-at="2023-11-27T13:22:53 GMT" name="testseven" finished-at="2023-11-27T13:22:53 GMT" duration-ms="81" status="PASS">
          <reporter-output>
          </reporter-output>
        </test-method> <!-- testseven -->
        <test-method signature="testseven()[pri:0, instance:parellelScripts.sampleFourTest@c03cf28]" started-at="2023-11-27T13:22:53 GMT" name="testseven" finished-at="2023-11-27T13:22:53 GMT" duration-ms="74" status="PASS">
          <reporter-output>
          </reporter-output>
        </test-method> <!-- testseven -->
        <test-method signature="testseven()[pri:0, instance:parellelScripts.sampleFourTest@c03cf28]" started-at="2023-11-27T13:22:53 GMT" name="testseven" finished-at="2023-11-27T13:22:53 GMT" duration-ms="2" status="PASS">
          <reporter-output>
          </reporter-output>
        </test-method> <!-- testseven -->
        <test-method signature="testseven()[pri:0, instance:parellelScripts.sampleFourTest@c03cf28]" started-at="2023-11-27T13:22:53 GMT" name="testseven" finished-at="2023-11-27T13:22:53 GMT" duration-ms="43" status="PASS">
          <reporter-output>
          </reporter-output>
        </test-method> <!-- testseven -->
        <test-method signature="testseven()[pri:0, instance:parellelScripts.sampleFourTest@c03cf28]" started-at="2023-11-27T13:22:53 GMT" name="testseven" finished-at="2023-11-27T13:22:53 GMT" duration-ms="37" status="PASS">
          <reporter-output>
          </reporter-output>
        </test-method> <!-- testseven -->
        <test-method signature="testseven()[pri:0, instance:parellelScripts.sampleFourTest@c03cf28]" started-at="2023-11-27T13:22:53 GMT" name="testseven" finished-at="2023-11-27T13:22:53 GMT" duration-ms="31" status="PASS">
          <reporter-output>
          </reporter-output>
        </test-method> <!-- testseven -->
        <test-method signature="testseven()[pri:0, instance:parellelScripts.sampleFourTest@c03cf28]" started-at="2023-11-27T13:22:53 GMT" name="testseven" finished-at="2023-11-27T13:22:53 GMT" duration-ms="2" status="PASS">
          <reporter-output>
          </reporter-output>
        </test-method> <!-- testseven -->
        <test-method signature="testseven()[pri:0, instance:parellelScripts.sampleFourTest@c03cf28]" started-at="2023-11-27T13:22:53 GMT" name="testseven" finished-at="2023-11-27T13:22:53 GMT" duration-ms="2" status="PASS">
          <reporter-output>
          </reporter-output>
        </test-method> <!-- testseven -->
        <test-method signature="testseven()[pri:0, instance:parellelScripts.sampleFourTest@c03cf28]" started-at="2023-11-27T13:22:53 GMT" name="testseven" finished-at="2023-11-27T13:22:53 GMT" duration-ms="19" status="PASS">
          <reporter-output>
          </reporter-output>
        </test-method> <!-- testseven -->
        <test-method signature="testseven()[pri:0, instance:parellelScripts.sampleFourTest@c03cf28]" started-at="2023-11-27T13:22:53 GMT" name="testseven" finished-at="2023-11-27T13:22:53 GMT" duration-ms="9" status="PASS">
          <reporter-output>
          </reporter-output>
        </test-method> <!-- testseven -->
        <test-method signature="testseven()[pri:0, instance:parellelScripts.sampleFourTest@c03cf28]" started-at="2023-11-27T13:22:53 GMT" name="testseven" finished-at="2023-11-27T13:22:53 GMT" duration-ms="2" status="PASS">
          <reporter-output>
          </reporter-output>
        </test-method> <!-- testseven -->
        <test-method signature="testseven()[pri:0, instance:parellelScripts.sampleFourTest@c03cf28]" started-at="2023-11-27T13:22:53 GMT" name="testseven" finished-at="2023-11-27T13:22:53 GMT" duration-ms="7" status="PASS">
          <reporter-output>
          </reporter-output>
        </test-method> <!-- testseven -->
        <test-method signature="testseven()[pri:0, instance:parellelScripts.sampleFourTest@c03cf28]" started-at="2023-11-27T13:22:53 GMT" name="testseven" finished-at="2023-11-27T13:22:53 GMT" duration-ms="2" status="PASS">
          <reporter-output>
          </reporter-output>
        </test-method> <!-- testseven -->
        <test-method signature="testseven()[pri:0, instance:parellelScripts.sampleFourTest@c03cf28]" started-at="2023-11-27T13:22:53 GMT" name="testseven" finished-at="2023-11-27T13:22:53 GMT" duration-ms="0" status="PASS">
          <reporter-output>
          </reporter-output>
        </test-method> <!-- testseven -->
        <test-method signature="testseven()[pri:0, instance:parellelScripts.sampleFourTest@c03cf28]" started-at="2023-11-27T13:22:53 GMT" name="testseven" finished-at="2023-11-27T13:22:53 GMT" duration-ms="155" status="PASS">
          <reporter-output>
          </reporter-output>
        </test-method> <!-- testseven -->
        <test-method signature="testseven()[pri:0, instance:parellelScripts.sampleFourTest@c03cf28]" started-at="2023-11-27T13:22:53 GMT" name="testseven" finished-at="2023-11-27T13:22:53 GMT" duration-ms="1" status="PASS">
          <reporter-output>
          </reporter-output>
        </test-method> <!-- testseven -->
        <test-method signature="testseven()[pri:0, instance:parellelScripts.sampleFourTest@c03cf28]" started-at="2023-11-27T13:22:53 GMT" name="testseven" finished-at="2023-11-27T13:22:53 GMT" duration-ms="129" status="PASS">
          <reporter-output>
          </reporter-output>
        </test-method> <!-- testseven -->
        <test-method signature="testseven()[pri:0, instance:parellelScripts.sampleFourTest@c03cf28]" started-at="2023-11-27T13:22:53 GMT" name="testseven" finished-at="2023-11-27T13:22:53 GMT" duration-ms="3" status="PASS">
          <reporter-output>
          </reporter-output>
        </test-method> <!-- testseven -->
        <test-method signature="testseven()[pri:0, instance:parellelScripts.sampleFourTest@c03cf28]" started-at="2023-11-27T13:22:53 GMT" name="testseven" finished-at="2023-11-27T13:22:53 GMT" duration-ms="109" status="PASS">
          <reporter-output>
          </reporter-output>
        </test-method> <!-- testseven -->
        <test-method signature="testseven()[pri:0, instance:parellelScripts.sampleFourTest@c03cf28]" started-at="2023-11-27T13:22:53 GMT" name="testseven" finished-at="2023-11-27T13:22:53 GMT" duration-ms="1" status="PASS">
          <reporter-output>
          </reporter-output>
        </test-method> <!-- testseven -->
        <test-method signature="testseven()[pri:0, instance:parellelScripts.sampleFourTest@c03cf28]" started-at="2023-11-27T13:22:53 GMT" name="testseven" finished-at="2023-11-27T13:22:53 GMT" duration-ms="1" status="PASS">
          <reporter-output>
          </reporter-output>
        </test-method> <!-- testseven -->
        <test-method signature="testseven()[pri:0, instance:parellelScripts.sampleFourTest@c03cf28]" started-at="2023-11-27T13:22:53 GMT" name="testseven" finished-at="2023-11-27T13:22:53 GMT" duration-ms="107" status="PASS">
          <reporter-output>
          </reporter-output>
        </test-method> <!-- testseven -->
        <test-method signature="testseven()[pri:0, instance:parellelScripts.sampleFourTest@c03cf28]" started-at="2023-11-27T13:22:53 GMT" name="testseven" finished-at="2023-11-27T13:22:53 GMT" duration-ms="111" status="PASS">
          <reporter-output>
          </reporter-output>
        </test-method> <!-- testseven -->
        <test-method signature="testseven()[pri:0, instance:parellelScripts.sampleFourTest@c03cf28]" started-at="2023-11-27T13:22:53 GMT" name="testseven" finished-at="2023-11-27T13:22:53 GMT" duration-ms="1" status="PASS">
          <reporter-output>
          </reporter-output>
        </test-method> <!-- testseven -->
        <test-method signature="testseven()[pri:0, instance:parellelScripts.sampleFourTest@c03cf28]" started-at="2023-11-27T13:22:53 GMT" name="testseven" finished-at="2023-11-27T13:22:53 GMT" duration-ms="86" status="PASS">
          <reporter-output>
          </reporter-output>
        </test-method> <!-- testseven -->
        <test-method signature="testseven()[pri:0, instance:parellelScripts.sampleFourTest@c03cf28]" started-at="2023-11-27T13:22:53 GMT" name="testseven" finished-at="2023-11-27T13:22:53 GMT" duration-ms="2" status="PASS">
          <reporter-output>
          </reporter-output>
        </test-method> <!-- testseven -->
        <test-method signature="testseven()[pri:0, instance:parellelScripts.sampleFourTest@c03cf28]" started-at="2023-11-27T13:22:53 GMT" name="testseven" finished-at="2023-11-27T13:22:53 GMT" duration-ms="1" status="PASS">
          <reporter-output>
          </reporter-output>
        </test-method> <!-- testseven -->
        <test-method signature="testseven()[pri:0, instance:parellelScripts.sampleFourTest@c03cf28]" started-at="2023-11-27T13:22:53 GMT" name="testseven" finished-at="2023-11-27T13:22:53 GMT" duration-ms="2" status="PASS">
          <reporter-output>
          </reporter-output>
        </test-method> <!-- testseven -->
        <test-method signature="testseven()[pri:0, instance:parellelScripts.sampleFourTest@c03cf28]" started-at="2023-11-27T13:22:53 GMT" name="testseven" finished-at="2023-11-27T13:22:53 GMT" duration-ms="1" status="PASS">
          <reporter-output>
          </reporter-output>
        </test-method> <!-- testseven -->
        <test-method signature="testseven()[pri:0, instance:parellelScripts.sampleFourTest@c03cf28]" started-at="2023-11-27T13:22:53 GMT" name="testseven" finished-at="2023-11-27T13:22:53 GMT" duration-ms="44" status="PASS">
          <reporter-output>
          </reporter-output>
        </test-method> <!-- testseven -->
        <test-method signature="testseven()[pri:0, instance:parellelScripts.sampleFourTest@c03cf28]" started-at="2023-11-27T13:22:53 GMT" name="testseven" finished-at="2023-11-27T13:22:53 GMT" duration-ms="2" status="PASS">
          <reporter-output>
          </reporter-output>
        </test-method> <!-- testseven -->
        <test-method signature="testseven()[pri:0, instance:parellelScripts.sampleFourTest@c03cf28]" started-at="2023-11-27T13:22:53 GMT" name="testseven" finished-at="2023-11-27T13:22:53 GMT" duration-ms="2" status="PASS">
          <reporter-output>
          </reporter-output>
        </test-method> <!-- testseven -->
        <test-method signature="testseven()[pri:0, instance:parellelScripts.sampleFourTest@c03cf28]" started-at="2023-11-27T13:22:53 GMT" name="testseven" finished-at="2023-11-27T13:22:53 GMT" duration-ms="3" status="PASS">
          <reporter-output>
          </reporter-output>
        </test-method> <!-- testseven -->
        <test-method signature="testseven()[pri:0, instance:parellelScripts.sampleFourTest@c03cf28]" started-at="2023-11-27T13:22:53 GMT" name="testseven" finished-at="2023-11-27T13:22:53 GMT" duration-ms="17" status="PASS">
          <reporter-output>
          </reporter-output>
        </test-method> <!-- testseven -->
        <test-method signature="testseven()[pri:0, instance:parellelScripts.sampleFourTest@c03cf28]" started-at="2023-11-27T13:22:53 GMT" name="testseven" finished-at="2023-11-27T13:22:53 GMT" duration-ms="2" status="PASS">
          <reporter-output>
          </reporter-output>
        </test-method> <!-- testseven -->
        <test-method signature="testseven()[pri:0, instance:parellelScripts.sampleFourTest@c03cf28]" started-at="2023-11-27T13:22:53 GMT" name="testseven" finished-at="2023-11-27T13:22:53 GMT" duration-ms="1" status="PASS">
          <reporter-output>
          </reporter-output>
        </test-method> <!-- testseven -->
        <test-method signature="testseven()[pri:0, instance:parellelScripts.sampleFourTest@c03cf28]" started-at="2023-11-27T13:22:53 GMT" name="testseven" finished-at="2023-11-27T13:22:53 GMT" duration-ms="157" status="PASS">
          <reporter-output>
          </reporter-output>
        </test-method> <!-- testseven -->
        <test-method signature="testseven()[pri:0, instance:parellelScripts.sampleFourTest@c03cf28]" started-at="2023-11-27T13:22:53 GMT" name="testseven" finished-at="2023-11-27T13:22:53 GMT" duration-ms="9" status="PASS">
          <reporter-output>
          </reporter-output>
        </test-method> <!-- testseven -->
        <test-method signature="testseven()[pri:0, instance:parellelScripts.sampleFourTest@c03cf28]" started-at="2023-11-27T13:22:53 GMT" name="testseven" finished-at="2023-11-27T13:22:53 GMT" duration-ms="1" status="PASS">
          <reporter-output>
          </reporter-output>
        </test-method> <!-- testseven -->
        <test-method signature="testseven()[pri:0, instance:parellelScripts.sampleFourTest@c03cf28]" started-at="2023-11-27T13:22:53 GMT" name="testseven" finished-at="2023-11-27T13:22:53 GMT" duration-ms="139" status="PASS">
          <reporter-output>
          </reporter-output>
        </test-method> <!-- testseven -->
        <test-method signature="testseven()[pri:0, instance:parellelScripts.sampleFourTest@c03cf28]" started-at="2023-11-27T13:22:53 GMT" name="testseven" finished-at="2023-11-27T13:22:53 GMT" duration-ms="133" status="PASS">
          <reporter-output>
          </reporter-output>
        </test-method> <!-- testseven -->
        <test-method signature="testseven()[pri:0, instance:parellelScripts.sampleFourTest@c03cf28]" started-at="2023-11-27T13:22:53 GMT" name="testseven" finished-at="2023-11-27T13:22:53 GMT" duration-ms="2" status="PASS">
          <reporter-output>
          </reporter-output>
        </test-method> <!-- testseven -->
        <test-method signature="testseven()[pri:0, instance:parellelScripts.sampleFourTest@c03cf28]" started-at="2023-11-27T13:22:53 GMT" name="testseven" finished-at="2023-11-27T13:22:53 GMT" duration-ms="2" status="PASS">
          <reporter-output>
          </reporter-output>
        </test-method> <!-- testseven -->
        <test-method signature="testseven()[pri:0, instance:parellelScripts.sampleFourTest@c03cf28]" started-at="2023-11-27T13:22:53 GMT" name="testseven" finished-at="2023-11-27T13:22:53 GMT" duration-ms="1" status="PASS">
          <reporter-output>
          </reporter-output>
        </test-method> <!-- testseven -->
        <test-method signature="testseven()[pri:0, instance:parellelScripts.sampleFourTest@c03cf28]" started-at="2023-11-27T13:22:53 GMT" name="testseven" finished-at="2023-11-27T13:22:53 GMT" duration-ms="1" status="PASS">
          <reporter-output>
          </reporter-output>
        </test-method> <!-- testseven -->
        <test-method signature="testseven()[pri:0, instance:parellelScripts.sampleFourTest@c03cf28]" started-at="2023-11-27T13:22:53 GMT" name="testseven" finished-at="2023-11-27T13:22:53 GMT" duration-ms="4" status="PASS">
          <reporter-output>
          </reporter-output>
        </test-method> <!-- testseven -->
        <test-method signature="testseven()[pri:0, instance:parellelScripts.sampleFourTest@c03cf28]" started-at="2023-11-27T13:22:53 GMT" name="testseven" finished-at="2023-11-27T13:22:53 GMT" duration-ms="107" status="PASS">
          <reporter-output>
          </reporter-output>
        </test-method> <!-- testseven -->
        <test-method signature="testseven()[pri:0, instance:parellelScripts.sampleFourTest@c03cf28]" started-at="2023-11-27T13:22:53 GMT" name="testseven" finished-at="2023-11-27T13:22:53 GMT" duration-ms="2" status="PASS">
          <reporter-output>
          </reporter-output>
        </test-method> <!-- testseven -->
        <test-method signature="testseven()[pri:0, instance:parellelScripts.sampleFourTest@c03cf28]" started-at="2023-11-27T13:22:53 GMT" name="testseven" finished-at="2023-11-27T13:22:53 GMT" duration-ms="1" status="PASS">
          <reporter-output>
          </reporter-output>
        </test-method> <!-- testseven -->
        <test-method signature="testseven()[pri:0, instance:parellelScripts.sampleFourTest@c03cf28]" started-at="2023-11-27T13:22:53 GMT" name="testseven" finished-at="2023-11-27T13:22:53 GMT" duration-ms="1" status="PASS">
          <reporter-output>
          </reporter-output>
        </test-method> <!-- testseven -->
        <test-method signature="testseven()[pri:0, instance:parellelScripts.sampleFourTest@c03cf28]" started-at="2023-11-27T13:22:53 GMT" name="testseven" finished-at="2023-11-27T13:22:53 GMT" duration-ms="6" status="PASS">
          <reporter-output>
          </reporter-output>
        </test-method> <!-- testseven -->
        <test-method signature="testseven()[pri:0, instance:parellelScripts.sampleFourTest@c03cf28]" started-at="2023-11-27T13:22:53 GMT" name="testseven" finished-at="2023-11-27T13:22:53 GMT" duration-ms="10" status="PASS">
          <reporter-output>
          </reporter-output>
        </test-method> <!-- testseven -->
        <test-method signature="testseven()[pri:0, instance:parellelScripts.sampleFourTest@c03cf28]" started-at="2023-11-27T13:22:53 GMT" name="testseven" finished-at="2023-11-27T13:22:53 GMT" duration-ms="7" status="PASS">
          <reporter-output>
          </reporter-output>
        </test-method> <!-- testseven -->
        <test-method signature="testseven()[pri:0, instance:parellelScripts.sampleFourTest@c03cf28]" started-at="2023-11-27T13:22:53 GMT" name="testseven" finished-at="2023-11-27T13:22:53 GMT" duration-ms="60" status="PASS">
          <reporter-output>
          </reporter-output>
        </test-method> <!-- testseven -->
        <test-method signature="testseven()[pri:0, instance:parellelScripts.sampleFourTest@c03cf28]" started-at="2023-11-27T13:22:53 GMT" name="testseven" finished-at="2023-11-27T13:22:53 GMT" duration-ms="3" status="PASS">
          <reporter-output>
          </reporter-output>
        </test-method> <!-- testseven -->
        <test-method signature="testseven()[pri:0, instance:parellelScripts.sampleFourTest@c03cf28]" started-at="2023-11-27T13:22:53 GMT" name="testseven" finished-at="2023-11-27T13:22:53 GMT" duration-ms="1" status="PASS">
          <reporter-output>
          </reporter-output>
        </test-method> <!-- testseven -->
        <test-method signature="testseven()[pri:0, instance:parellelScripts.sampleFourTest@c03cf28]" started-at="2023-11-27T13:22:53 GMT" name="testseven" finished-at="2023-11-27T13:22:53 GMT" duration-ms="35" status="PASS">
          <reporter-output>
          </reporter-output>
        </test-method> <!-- testseven -->
        <test-method signature="testseven()[pri:0, instance:parellelScripts.sampleFourTest@c03cf28]" started-at="2023-11-27T13:22:53 GMT" name="testseven" finished-at="2023-11-27T13:22:53 GMT" duration-ms="2" status="PASS">
          <reporter-output>
          </reporter-output>
        </test-method> <!-- testseven -->
        <test-method signature="testseven()[pri:0, instance:parellelScripts.sampleFourTest@c03cf28]" started-at="2023-11-27T13:22:53 GMT" name="testseven" finished-at="2023-11-27T13:22:53 GMT" duration-ms="29" status="PASS">
          <reporter-output>
          </reporter-output>
        </test-method> <!-- testseven -->
        <test-method signature="testseven()[pri:0, instance:parellelScripts.sampleFourTest@c03cf28]" started-at="2023-11-27T13:22:53 GMT" name="testseven" finished-at="2023-11-27T13:22:53 GMT" duration-ms="5" status="PASS">
          <reporter-output>
          </reporter-output>
        </test-method> <!-- testseven -->
        <test-method signature="testseven()[pri:0, instance:parellelScripts.sampleFourTest@c03cf28]" started-at="2023-11-27T13:22:53 GMT" name="testseven" finished-at="2023-11-27T13:22:53 GMT" duration-ms="28" status="PASS">
          <reporter-output>
          </reporter-output>
        </test-method> <!-- testseven -->
        <test-method signature="testseven()[pri:0, instance:parellelScripts.sampleFourTest@c03cf28]" started-at="2023-11-27T13:22:53 GMT" name="testseven" finished-at="2023-11-27T13:22:53 GMT" duration-ms="3" status="PASS">
          <reporter-output>
          </reporter-output>
        </test-method> <!-- testseven -->
        <test-method signature="testseven()[pri:0, instance:parellelScripts.sampleFourTest@c03cf28]" started-at="2023-11-27T13:22:53 GMT" name="testseven" finished-at="2023-11-27T13:22:53 GMT" duration-ms="1" status="PASS">
          <reporter-output>
          </reporter-output>
        </test-method> <!-- testseven -->
        <test-method signature="testseven()[pri:0, instance:parellelScripts.sampleFourTest@c03cf28]" started-at="2023-11-27T13:22:53 GMT" name="testseven" finished-at="2023-11-27T13:22:53 GMT" duration-ms="9" status="PASS">
          <reporter-output>
          </reporter-output>
        </test-method> <!-- testseven -->
        <test-method signature="testseven()[pri:0, instance:parellelScripts.sampleFourTest@c03cf28]" started-at="2023-11-27T13:22:53 GMT" name="testseven" finished-at="2023-11-27T13:22:53 GMT" duration-ms="4" status="PASS">
          <reporter-output>
          </reporter-output>
        </test-method> <!-- testseven -->
        <test-method signature="testseven()[pri:0, instance:parellelScripts.sampleFourTest@c03cf28]" started-at="2023-11-27T13:22:53 GMT" name="testseven" finished-at="2023-11-27T13:22:53 GMT" duration-ms="2" status="PASS">
          <reporter-output>
          </reporter-output>
        </test-method> <!-- testseven -->
        <test-method signature="testseven()[pri:0, instance:parellelScripts.sampleFourTest@c03cf28]" started-at="2023-11-27T13:22:53 GMT" name="testseven" finished-at="2023-11-27T13:22:53 GMT" duration-ms="77" status="PASS">
          <reporter-output>
          </reporter-output>
        </test-method> <!-- testseven -->
        <test-method signature="testseven()[pri:0, instance:parellelScripts.sampleFourTest@c03cf28]" started-at="2023-11-27T13:22:53 GMT" name="testseven" finished-at="2023-11-27T13:22:53 GMT" duration-ms="74" status="PASS">
          <reporter-output>
          </reporter-output>
        </test-method> <!-- testseven -->
        <test-method signature="testseven()[pri:0, instance:parellelScripts.sampleFourTest@c03cf28]" started-at="2023-11-27T13:22:53 GMT" name="testseven" finished-at="2023-11-27T13:22:53 GMT" duration-ms="1" status="PASS">
          <reporter-output>
          </reporter-output>
        </test-method> <!-- testseven -->
        <test-method signature="testseven()[pri:0, instance:parellelScripts.sampleFourTest@c03cf28]" started-at="2023-11-27T13:22:53 GMT" name="testseven" finished-at="2023-11-27T13:22:53 GMT" duration-ms="70" status="PASS">
          <reporter-output>
          </reporter-output>
        </test-method> <!-- testseven -->
        <test-method signature="testseven()[pri:0, instance:parellelScripts.sampleFourTest@c03cf28]" started-at="2023-11-27T13:22:53 GMT" name="testseven" finished-at="2023-11-27T13:22:53 GMT" duration-ms="1" status="PASS">
          <reporter-output>
          </reporter-output>
        </test-method> <!-- testseven -->
        <test-method signature="testseven()[pri:0, instance:parellelScripts.sampleFourTest@c03cf28]" started-at="2023-11-27T13:22:53 GMT" name="testseven" finished-at="2023-11-27T13:22:53 GMT" duration-ms="4" status="PASS">
          <reporter-output>
          </reporter-output>
        </test-method> <!-- testseven -->
        <test-method signature="testseven()[pri:0, instance:parellelScripts.sampleFourTest@c03cf28]" started-at="2023-11-27T13:22:53 GMT" name="testseven" finished-at="2023-11-27T13:22:53 GMT" duration-ms="3" status="PASS">
          <reporter-output>
          </reporter-output>
        </test-method> <!-- testseven -->
        <test-method signature="testseven()[pri:0, instance:parellelScripts.sampleFourTest@c03cf28]" started-at="2023-11-27T13:22:53 GMT" name="testseven" finished-at="2023-11-27T13:22:53 GMT" duration-ms="2" status="PASS">
          <reporter-output>
          </reporter-output>
        </test-method> <!-- testseven -->
        <test-method signature="testseven()[pri:0, instance:parellelScripts.sampleFourTest@c03cf28]" started-at="2023-11-27T13:22:53 GMT" name="testseven" finished-at="2023-11-27T13:22:53 GMT" duration-ms="1" status="PASS">
          <reporter-output>
          </reporter-output>
        </test-method> <!-- testseven -->
        <test-method signature="testseven()[pri:0, instance:parellelScripts.sampleFourTest@c03cf28]" started-at="2023-11-27T13:22:53 GMT" name="testseven" finished-at="2023-11-27T13:22:53 GMT" duration-ms="3" status="PASS">
          <reporter-output>
          </reporter-output>
        </test-method> <!-- testseven -->
        <test-method signature="testseven()[pri:0, instance:parellelScripts.sampleFourTest@c03cf28]" started-at="2023-11-27T13:22:53 GMT" name="testseven" finished-at="2023-11-27T13:22:53 GMT" duration-ms="1" status="PASS">
          <reporter-output>
          </reporter-output>
        </test-method> <!-- testseven -->
        <test-method signature="testseven()[pri:0, instance:parellelScripts.sampleFourTest@c03cf28]" started-at="2023-11-27T13:22:53 GMT" name="testseven" finished-at="2023-11-27T13:22:53 GMT" duration-ms="54" status="PASS">
          <reporter-output>
          </reporter-output>
        </test-method> <!-- testseven -->
        <test-method signature="testseven()[pri:0, instance:parellelScripts.sampleFourTest@c03cf28]" started-at="2023-11-27T13:22:53 GMT" name="testseven" finished-at="2023-11-27T13:22:53 GMT" duration-ms="53" status="PASS">
          <reporter-output>
          </reporter-output>
        </test-method> <!-- testseven -->
        <test-method signature="testseven()[pri:0, instance:parellelScripts.sampleFourTest@c03cf28]" started-at="2023-11-27T13:22:53 GMT" name="testseven" finished-at="2023-11-27T13:22:53 GMT" duration-ms="52" status="PASS">
          <reporter-output>
          </reporter-output>
        </test-method> <!-- testseven -->
        <test-method signature="testseven()[pri:0, instance:parellelScripts.sampleFourTest@c03cf28]" started-at="2023-11-27T13:22:53 GMT" name="testseven" finished-at="2023-11-27T13:22:53 GMT" duration-ms="41" status="PASS">
          <reporter-output>
          </reporter-output>
        </test-method> <!-- testseven -->
        <test-method signature="testseven()[pri:0, instance:parellelScripts.sampleFourTest@c03cf28]" started-at="2023-11-27T13:22:53 GMT" name="testseven" finished-at="2023-11-27T13:22:53 GMT" duration-ms="1" status="PASS">
          <reporter-output>
          </reporter-output>
        </test-method> <!-- testseven -->
        <test-method signature="testseven()[pri:0, instance:parellelScripts.sampleFourTest@c03cf28]" started-at="2023-11-27T13:22:53 GMT" name="testseven" finished-at="2023-11-27T13:22:53 GMT" duration-ms="37" status="PASS">
          <reporter-output>
          </reporter-output>
        </test-method> <!-- testseven -->
        <test-method signature="testseven()[pri:0, instance:parellelScripts.sampleFourTest@c03cf28]" started-at="2023-11-27T13:22:53 GMT" name="testseven" finished-at="2023-11-27T13:22:53 GMT" duration-ms="1" status="PASS">
          <reporter-output>
          </reporter-output>
        </test-method> <!-- testseven -->
        <test-method signature="testseven()[pri:0, instance:parellelScripts.sampleFourTest@c03cf28]" started-at="2023-11-27T13:22:53 GMT" name="testseven" finished-at="2023-11-27T13:22:53 GMT" duration-ms="34" status="PASS">
          <reporter-output>
          </reporter-output>
        </test-method> <!-- testseven -->
        <test-method signature="testseven()[pri:0, instance:parellelScripts.sampleFourTest@c03cf28]" started-at="2023-11-27T13:22:53 GMT" name="testseven" finished-at="2023-11-27T13:22:53 GMT" duration-ms="5" status="PASS">
          <reporter-output>
          </reporter-output>
        </test-method> <!-- testseven -->
        <test-method signature="testseven()[pri:0, instance:parellelScripts.sampleFourTest@c03cf28]" started-at="2023-11-27T13:22:53 GMT" name="testseven" finished-at="2023-11-27T13:22:53 GMT" duration-ms="1" status="PASS">
          <reporter-output>
          </reporter-output>
        </test-method> <!-- testseven -->
        <test-method signature="testseven()[pri:0, instance:parellelScripts.sampleFourTest@c03cf28]" started-at="2023-11-27T13:22:53 GMT" name="testseven" finished-at="2023-11-27T13:22:53 GMT" duration-ms="2" status="PASS">
          <reporter-output>
          </reporter-output>
        </test-method> <!-- testseven -->
        <test-method signature="testseven()[pri:0, instance:parellelScripts.sampleFourTest@c03cf28]" started-at="2023-11-27T13:22:53 GMT" name="testseven" finished-at="2023-11-27T13:22:53 GMT" duration-ms="69" status="PASS">
          <reporter-output>
          </reporter-output>
        </test-method> <!-- testseven -->
        <test-method signature="testseven()[pri:0, instance:parellelScripts.sampleFourTest@c03cf28]" started-at="2023-11-27T13:22:53 GMT" name="testseven" finished-at="2023-11-27T13:22:53 GMT" duration-ms="10" status="PASS">
          <reporter-output>
          </reporter-output>
        </test-method> <!-- testseven -->
        <test-method signature="testseven()[pri:0, instance:parellelScripts.sampleFourTest@c03cf28]" started-at="2023-11-27T13:22:53 GMT" name="testseven" finished-at="2023-11-27T13:22:53 GMT" duration-ms="7" status="PASS">
          <reporter-output>
          </reporter-output>
        </test-method> <!-- testseven -->
        <test-method signature="testseven()[pri:0, instance:parellelScripts.sampleFourTest@c03cf28]" started-at="2023-11-27T13:22:53 GMT" name="testseven" finished-at="2023-11-27T13:22:53 GMT" duration-ms="1" status="PASS">
          <reporter-output>
          </reporter-output>
        </test-method> <!-- testseven -->
        <test-method signature="testseven()[pri:0, instance:parellelScripts.sampleFourTest@c03cf28]" started-at="2023-11-27T13:22:53 GMT" name="testseven" finished-at="2023-11-27T13:22:53 GMT" duration-ms="0" status="PASS">
          <reporter-output>
          </reporter-output>
        </test-method> <!-- testseven -->
        <test-method signature="testseven()[pri:0, instance:parellelScripts.sampleFourTest@c03cf28]" started-at="2023-11-27T13:22:53 GMT" name="testseven" finished-at="2023-11-27T13:22:53 GMT" duration-ms="2" status="PASS">
          <reporter-output>
          </reporter-output>
        </test-method> <!-- testseven -->
        <test-method signature="testseven()[pri:0, instance:parellelScripts.sampleFourTest@c03cf28]" started-at="2023-11-27T13:22:53 GMT" name="testseven" finished-at="2023-11-27T13:22:53 GMT" duration-ms="34" status="PASS">
          <reporter-output>
          </reporter-output>
        </test-method> <!-- testseven -->
        <test-method signature="testseven()[pri:0, instance:parellelScripts.sampleFourTest@c03cf28]" started-at="2023-11-27T13:22:53 GMT" name="testseven" finished-at="2023-11-27T13:22:53 GMT" duration-ms="32" status="PASS">
          <reporter-output>
          </reporter-output>
        </test-method> <!-- testseven -->
        <test-method signature="testseven()[pri:0, instance:parellelScripts.sampleFourTest@c03cf28]" started-at="2023-11-27T13:22:53 GMT" name="testseven" finished-at="2023-11-27T13:22:53 GMT" duration-ms="27" status="PASS">
          <reporter-output>
          </reporter-output>
        </test-method> <!-- testseven -->
        <test-method signature="testseven()[pri:0, instance:parellelScripts.sampleFourTest@c03cf28]" started-at="2023-11-27T13:22:53 GMT" name="testseven" finished-at="2023-11-27T13:22:53 GMT" duration-ms="0" status="PASS">
          <reporter-output>
          </reporter-output>
        </test-method> <!-- testseven -->
        <test-method signature="testseven()[pri:0, instance:parellelScripts.sampleFourTest@c03cf28]" started-at="2023-11-27T13:22:53 GMT" name="testseven" finished-at="2023-11-27T13:22:53 GMT" duration-ms="2" status="PASS">
          <reporter-output>
          </reporter-output>
        </test-method> <!-- testseven -->
        <test-method signature="testseven()[pri:0, instance:parellelScripts.sampleFourTest@c03cf28]" started-at="2023-11-27T13:22:53 GMT" name="testseven" finished-at="2023-11-27T13:22:53 GMT" duration-ms="17" status="PASS">
          <reporter-output>
          </reporter-output>
        </test-method> <!-- testseven -->
        <test-method signature="testseven()[pri:0, instance:parellelScripts.sampleFourTest@c03cf28]" started-at="2023-11-27T13:22:53 GMT" name="testseven" finished-at="2023-11-27T13:22:53 GMT" duration-ms="1" status="PASS">
          <reporter-output>
          </reporter-output>
        </test-method> <!-- testseven -->
        <test-method signature="testseven()[pri:0, instance:parellelScripts.sampleFourTest@c03cf28]" started-at="2023-11-27T13:22:53 GMT" name="testseven" finished-at="2023-11-27T13:22:53 GMT" duration-ms="10" status="PASS">
          <reporter-output>
          </reporter-output>
        </test-method> <!-- testseven -->
        <test-method signature="testseven()[pri:0, instance:parellelScripts.sampleFourTest@c03cf28]" started-at="2023-11-27T13:22:53 GMT" name="testseven" finished-at="2023-11-27T13:22:53 GMT" duration-ms="0" status="PASS">
          <reporter-output>
          </reporter-output>
        </test-method> <!-- testseven -->
        <test-method signature="testseven()[pri:0, instance:parellelScripts.sampleFourTest@c03cf28]" started-at="2023-11-27T13:22:53 GMT" name="testseven" finished-at="2023-11-27T13:22:53 GMT" duration-ms="3" status="PASS">
          <reporter-output>
          </reporter-output>
        </test-method> <!-- testseven -->
        <test-method signature="testseven()[pri:0, instance:parellelScripts.sampleFourTest@c03cf28]" started-at="2023-11-27T13:22:53 GMT" name="testseven" finished-at="2023-11-27T13:22:53 GMT" duration-ms="1" status="PASS">
          <reporter-output>
          </reporter-output>
        </test-method> <!-- testseven -->
        <test-method signature="testseven()[pri:0, instance:parellelScripts.sampleFourTest@c03cf28]" started-at="2023-11-27T13:22:53 GMT" name="testseven" finished-at="2023-11-27T13:22:53 GMT" duration-ms="164" status="PASS">
          <reporter-output>
          </reporter-output>
        </test-method> <!-- testseven -->
        <test-method signature="testseven()[pri:0, instance:parellelScripts.sampleFourTest@c03cf28]" started-at="2023-11-27T13:22:53 GMT" name="testseven" finished-at="2023-11-27T13:22:53 GMT" duration-ms="1" status="PASS">
          <reporter-output>
          </reporter-output>
        </test-method> <!-- testseven -->
        <test-method signature="testseven()[pri:0, instance:parellelScripts.sampleFourTest@c03cf28]" started-at="2023-11-27T13:22:53 GMT" name="testseven" finished-at="2023-11-27T13:22:53 GMT" duration-ms="1" status="PASS">
          <reporter-output>
          </reporter-output>
        </test-method> <!-- testseven -->
        <test-method signature="testseven()[pri:0, instance:parellelScripts.sampleFourTest@c03cf28]" started-at="2023-11-27T13:22:53 GMT" name="testseven" finished-at="2023-11-27T13:22:53 GMT" duration-ms="166" status="PASS">
          <reporter-output>
          </reporter-output>
        </test-method> <!-- testseven -->
        <test-method signature="testseven()[pri:0, instance:parellelScripts.sampleFourTest@c03cf28]" started-at="2023-11-27T13:22:53 GMT" name="testseven" finished-at="2023-11-27T13:22:53 GMT" duration-ms="161" status="PASS">
          <reporter-output>
          </reporter-output>
        </test-method> <!-- testseven -->
        <test-method signature="testseven()[pri:0, instance:parellelScripts.sampleFourTest@c03cf28]" started-at="2023-11-27T13:22:53 GMT" name="testseven" finished-at="2023-11-27T13:22:53 GMT" duration-ms="5" status="PASS">
          <reporter-output>
          </reporter-output>
        </test-method> <!-- testseven -->
        <test-method signature="testseven()[pri:0, instance:parellelScripts.sampleFourTest@c03cf28]" started-at="2023-11-27T13:22:53 GMT" name="testseven" finished-at="2023-11-27T13:22:53 GMT" duration-ms="4" status="PASS">
          <reporter-output>
          </reporter-output>
        </test-method> <!-- testseven -->
        <test-method signature="testseven()[pri:0, instance:parellelScripts.sampleFourTest@c03cf28]" started-at="2023-11-27T13:22:53 GMT" name="testseven" finished-at="2023-11-27T13:22:53 GMT" duration-ms="0" status="PASS">
          <reporter-output>
          </reporter-output>
        </test-method> <!-- testseven -->
        <test-method signature="testseven()[pri:0, instance:parellelScripts.sampleFourTest@c03cf28]" started-at="2023-11-27T13:22:53 GMT" name="testseven" finished-at="2023-11-27T13:22:53 GMT" duration-ms="0" status="PASS">
          <reporter-output>
          </reporter-output>
        </test-method> <!-- testseven -->
        <test-method signature="testseven()[pri:0, instance:parellelScripts.sampleFourTest@c03cf28]" started-at="2023-11-27T13:22:53 GMT" name="testseven" finished-at="2023-11-27T13:22:53 GMT" duration-ms="1" status="PASS">
          <reporter-output>
          </reporter-output>
        </test-method> <!-- testseven -->
        <test-method signature="testseven()[pri:0, instance:parellelScripts.sampleFourTest@c03cf28]" started-at="2023-11-27T13:22:53 GMT" name="testseven" finished-at="2023-11-27T13:22:53 GMT" duration-ms="137" status="PASS">
          <reporter-output>
          </reporter-output>
        </test-method> <!-- testseven -->
        <test-method signature="testseven()[pri:0, instance:parellelScripts.sampleFourTest@c03cf28]" started-at="2023-11-27T13:22:53 GMT" name="testseven" finished-at="2023-11-27T13:22:53 GMT" duration-ms="128" status="PASS">
          <reporter-output>
          </reporter-output>
        </test-method> <!-- testseven -->
        <test-method signature="testseven()[pri:0, instance:parellelScripts.sampleFourTest@c03cf28]" started-at="2023-11-27T13:22:53 GMT" name="testseven" finished-at="2023-11-27T13:22:53 GMT" duration-ms="1" status="PASS">
          <reporter-output>
          </reporter-output>
        </test-method> <!-- testseven -->
        <test-method signature="testseven()[pri:0, instance:parellelScripts.sampleFourTest@c03cf28]" started-at="2023-11-27T13:22:53 GMT" name="testseven" finished-at="2023-11-27T13:22:53 GMT" duration-ms="118" status="PASS">
          <reporter-output>
          </reporter-output>
        </test-method> <!-- testseven -->
        <test-method signature="testseven()[pri:0, instance:parellelScripts.sampleFourTest@c03cf28]" started-at="2023-11-27T13:22:53 GMT" name="testseven" finished-at="2023-11-27T13:22:53 GMT" duration-ms="122" status="PASS">
          <reporter-output>
          </reporter-output>
        </test-method> <!-- testseven -->
        <test-method signature="testseven()[pri:0, instance:parellelScripts.sampleFourTest@c03cf28]" started-at="2023-11-27T13:22:53 GMT" name="testseven" finished-at="2023-11-27T13:22:53 GMT" duration-ms="1" status="PASS">
          <reporter-output>
          </reporter-output>
        </test-method> <!-- testseven -->
        <test-method signature="testseven()[pri:0, instance:parellelScripts.sampleFourTest@c03cf28]" started-at="2023-11-27T13:22:53 GMT" name="testseven" finished-at="2023-11-27T13:22:53 GMT" duration-ms="84" status="PASS">
          <reporter-output>
          </reporter-output>
        </test-method> <!-- testseven -->
        <test-method signature="testseven()[pri:0, instance:parellelScripts.sampleFourTest@c03cf28]" started-at="2023-11-27T13:22:53 GMT" name="testseven" finished-at="2023-11-27T13:22:53 GMT" duration-ms="64" status="PASS">
          <reporter-output>
          </reporter-output>
        </test-method> <!-- testseven -->
        <test-method signature="testseven()[pri:0, instance:parellelScripts.sampleFourTest@c03cf28]" started-at="2023-11-27T13:22:53 GMT" name="testseven" finished-at="2023-11-27T13:22:53 GMT" duration-ms="40" status="PASS">
          <reporter-output>
          </reporter-output>
        </test-method> <!-- testseven -->
        <test-method signature="testseven()[pri:0, instance:parellelScripts.sampleFourTest@c03cf28]" started-at="2023-11-27T13:22:53 GMT" name="testseven" finished-at="2023-11-27T13:22:53 GMT" duration-ms="1" status="PASS">
          <reporter-output>
          </reporter-output>
        </test-method> <!-- testseven -->
        <test-method signature="testseven()[pri:0, instance:parellelScripts.sampleFourTest@c03cf28]" started-at="2023-11-27T13:22:53 GMT" name="testseven" finished-at="2023-11-27T13:22:53 GMT" duration-ms="2" status="PASS">
          <reporter-output>
          </reporter-output>
        </test-method> <!-- testseven -->
        <test-method signature="testseven()[pri:0, instance:parellelScripts.sampleFourTest@c03cf28]" started-at="2023-11-27T13:22:53 GMT" name="testseven" finished-at="2023-11-27T13:22:53 GMT" duration-ms="1" status="PASS">
          <reporter-output>
          </reporter-output>
        </test-method> <!-- testseven -->
        <test-method signature="testseven()[pri:0, instance:parellelScripts.sampleFourTest@c03cf28]" started-at="2023-11-27T13:22:53 GMT" name="testseven" finished-at="2023-11-27T13:22:53 GMT" duration-ms="6" status="PASS">
          <reporter-output>
          </reporter-output>
        </test-method> <!-- testseven -->
        <test-method signature="testseven()[pri:0, instance:parellelScripts.sampleFourTest@c03cf28]" started-at="2023-11-27T13:22:53 GMT" name="testseven" finished-at="2023-11-27T13:22:53 GMT" duration-ms="1" status="PASS">
          <reporter-output>
          </reporter-output>
        </test-method> <!-- testseven -->
        <test-method signature="testseven()[pri:0, instance:parellelScripts.sampleFourTest@c03cf28]" started-at="2023-11-27T13:22:53 GMT" name="testseven" finished-at="2023-11-27T13:22:53 GMT" duration-ms="1" status="PASS">
          <reporter-output>
          </reporter-output>
        </test-method> <!-- testseven -->
        <test-method signature="testseven()[pri:0, instance:parellelScripts.sampleFourTest@c03cf28]" started-at="2023-11-27T13:22:53 GMT" name="testseven" finished-at="2023-11-27T13:22:53 GMT" duration-ms="1" status="PASS">
          <reporter-output>
          </reporter-output>
        </test-method> <!-- testseven -->
        <test-method signature="testseven()[pri:0, instance:parellelScripts.sampleFourTest@c03cf28]" started-at="2023-11-27T13:22:53 GMT" name="testseven" finished-at="2023-11-27T13:22:53 GMT" duration-ms="2" status="PASS">
          <reporter-output>
          </reporter-output>
        </test-method> <!-- testseven -->
        <test-method signature="testseven()[pri:0, instance:parellelScripts.sampleFourTest@c03cf28]" started-at="2023-11-27T13:22:53 GMT" name="testseven" finished-at="2023-11-27T13:22:53 GMT" duration-ms="174" status="PASS">
          <reporter-output>
          </reporter-output>
        </test-method> <!-- testseven -->
        <test-method signature="testseven()[pri:0, instance:parellelScripts.sampleFourTest@c03cf28]" started-at="2023-11-27T13:22:53 GMT" name="testseven" finished-at="2023-11-27T13:22:53 GMT" duration-ms="7" status="PASS">
          <reporter-output>
          </reporter-output>
        </test-method> <!-- testseven -->
        <test-method signature="testseven()[pri:0, instance:parellelScripts.sampleFourTest@c03cf28]" started-at="2023-11-27T13:22:53 GMT" name="testseven" finished-at="2023-11-27T13:22:53 GMT" duration-ms="170" status="PASS">
          <reporter-output>
          </reporter-output>
        </test-method> <!-- testseven -->
        <test-method signature="testseven()[pri:0, instance:parellelScripts.sampleFourTest@c03cf28]" started-at="2023-11-27T13:22:53 GMT" name="testseven" finished-at="2023-11-27T13:22:53 GMT" duration-ms="2" status="PASS">
          <reporter-output>
          </reporter-output>
        </test-method> <!-- testseven -->
        <test-method signature="testseven()[pri:0, instance:parellelScripts.sampleFourTest@c03cf28]" started-at="2023-11-27T13:22:53 GMT" name="testseven" finished-at="2023-11-27T13:22:53 GMT" duration-ms="158" status="PASS">
          <reporter-output>
          </reporter-output>
        </test-method> <!-- testseven -->
        <test-method signature="testseven()[pri:0, instance:parellelScripts.sampleFourTest@c03cf28]" started-at="2023-11-27T13:22:53 GMT" name="testseven" finished-at="2023-11-27T13:22:53 GMT" duration-ms="7" status="PASS">
          <reporter-output>
          </reporter-output>
        </test-method> <!-- testseven -->
        <test-method signature="testseven()[pri:0, instance:parellelScripts.sampleFourTest@c03cf28]" started-at="2023-11-27T13:22:53 GMT" name="testseven" finished-at="2023-11-27T13:22:53 GMT" duration-ms="6" status="PASS">
          <reporter-output>
          </reporter-output>
        </test-method> <!-- testseven -->
        <test-method signature="testseven()[pri:0, instance:parellelScripts.sampleFourTest@c03cf28]" started-at="2023-11-27T13:22:53 GMT" name="testseven" finished-at="2023-11-27T13:22:53 GMT" duration-ms="1" status="PASS">
          <reporter-output>
          </reporter-output>
        </test-method> <!-- testseven -->
        <test-method signature="testseven()[pri:0, instance:parellelScripts.sampleFourTest@c03cf28]" started-at="2023-11-27T13:22:53 GMT" name="testseven" finished-at="2023-11-27T13:22:53 GMT" duration-ms="1" status="PASS">
          <reporter-output>
          </reporter-output>
        </test-method> <!-- testseven -->
        <test-method signature="testseven()[pri:0, instance:parellelScripts.sampleFourTest@c03cf28]" started-at="2023-11-27T13:22:53 GMT" name="testseven" finished-at="2023-11-27T13:22:53 GMT" duration-ms="7" status="PASS">
          <reporter-output>
          </reporter-output>
        </test-method> <!-- testseven -->
        <test-method signature="testseven()[pri:0, instance:parellelScripts.sampleFourTest@c03cf28]" started-at="2023-11-27T13:22:53 GMT" name="testseven" finished-at="2023-11-27T13:22:53 GMT" duration-ms="125" status="PASS">
          <reporter-output>
          </reporter-output>
        </test-method> <!-- testseven -->
        <test-method signature="testseven()[pri:0, instance:parellelScripts.sampleFourTest@c03cf28]" started-at="2023-11-27T13:22:53 GMT" name="testseven" finished-at="2023-11-27T13:22:53 GMT" duration-ms="4" status="PASS">
          <reporter-output>
          </reporter-output>
        </test-method> <!-- testseven -->
        <test-method signature="testseven()[pri:0, instance:parellelScripts.sampleFourTest@c03cf28]" started-at="2023-11-27T13:22:53 GMT" name="testseven" finished-at="2023-11-27T13:22:53 GMT" duration-ms="113" status="PASS">
          <reporter-output>
          </reporter-output>
        </test-method> <!-- testseven -->
        <test-method signature="testseven()[pri:0, instance:parellelScripts.sampleFourTest@c03cf28]" started-at="2023-11-27T13:22:53 GMT" name="testseven" finished-at="2023-11-27T13:22:53 GMT" duration-ms="5" status="PASS">
          <reporter-output>
          </reporter-output>
        </test-method> <!-- testseven -->
        <test-method signature="testseven()[pri:0, instance:parellelScripts.sampleFourTest@c03cf28]" started-at="2023-11-27T13:22:53 GMT" name="testseven" finished-at="2023-11-27T13:22:53 GMT" duration-ms="5" status="PASS">
          <reporter-output>
          </reporter-output>
        </test-method> <!-- testseven -->
        <test-method signature="testseven()[pri:0, instance:parellelScripts.sampleFourTest@c03cf28]" started-at="2023-11-27T13:22:53 GMT" name="testseven" finished-at="2023-11-27T13:22:53 GMT" duration-ms="11" status="PASS">
          <reporter-output>
          </reporter-output>
        </test-method> <!-- testseven -->
        <test-method signature="testseven()[pri:0, instance:parellelScripts.sampleFourTest@c03cf28]" started-at="2023-11-27T13:22:53 GMT" name="testseven" finished-at="2023-11-27T13:22:53 GMT" duration-ms="1" status="PASS">
          <reporter-output>
          </reporter-output>
        </test-method> <!-- testseven -->
        <test-method signature="testseven()[pri:0, instance:parellelScripts.sampleFourTest@c03cf28]" started-at="2023-11-27T13:22:53 GMT" name="testseven" finished-at="2023-11-27T13:22:53 GMT" duration-ms="89" status="PASS">
          <reporter-output>
          </reporter-output>
        </test-method> <!-- testseven -->
        <test-method signature="testseven()[pri:0, instance:parellelScripts.sampleFourTest@c03cf28]" started-at="2023-11-27T13:22:53 GMT" name="testseven" finished-at="2023-11-27T13:22:53 GMT" duration-ms="69" status="PASS">
          <reporter-output>
          </reporter-output>
        </test-method> <!-- testseven -->
        <test-method signature="testseven()[pri:0, instance:parellelScripts.sampleFourTest@c03cf28]" started-at="2023-11-27T13:22:53 GMT" name="testseven" finished-at="2023-11-27T13:22:53 GMT" duration-ms="67" status="PASS">
          <reporter-output>
          </reporter-output>
        </test-method> <!-- testseven -->
        <test-method signature="testseven()[pri:0, instance:parellelScripts.sampleFourTest@c03cf28]" started-at="2023-11-27T13:22:53 GMT" name="testseven" finished-at="2023-11-27T13:22:53 GMT" duration-ms="60" status="PASS">
          <reporter-output>
          </reporter-output>
        </test-method> <!-- testseven -->
        <test-method signature="testseven()[pri:0, instance:parellelScripts.sampleFourTest@c03cf28]" started-at="2023-11-27T13:22:53 GMT" name="testseven" finished-at="2023-11-27T13:22:53 GMT" duration-ms="1" status="PASS">
          <reporter-output>
          </reporter-output>
        </test-method> <!-- testseven -->
        <test-method signature="testseven()[pri:0, instance:parellelScripts.sampleFourTest@c03cf28]" started-at="2023-11-27T13:22:53 GMT" name="testseven" finished-at="2023-11-27T13:22:53 GMT" duration-ms="49" status="PASS">
          <reporter-output>
          </reporter-output>
        </test-method> <!-- testseven -->
        <test-method signature="testseven()[pri:0, instance:parellelScripts.sampleFourTest@c03cf28]" started-at="2023-11-27T13:22:53 GMT" name="testseven" finished-at="2023-11-27T13:22:53 GMT" duration-ms="1" status="PASS">
          <reporter-output>
          </reporter-output>
        </test-method> <!-- testseven -->
        <test-method signature="testseven()[pri:0, instance:parellelScripts.sampleFourTest@c03cf28]" started-at="2023-11-27T13:22:53 GMT" name="testseven" finished-at="2023-11-27T13:22:53 GMT" duration-ms="1" status="PASS">
          <reporter-output>
          </reporter-output>
        </test-method> <!-- testseven -->
        <test-method signature="testseven()[pri:0, instance:parellelScripts.sampleFourTest@c03cf28]" started-at="2023-11-27T13:22:53 GMT" name="testseven" finished-at="2023-11-27T13:22:53 GMT" duration-ms="0" status="PASS">
          <reporter-output>
          </reporter-output>
        </test-method> <!-- testseven -->
        <test-method signature="testseven()[pri:0, instance:parellelScripts.sampleFourTest@c03cf28]" started-at="2023-11-27T13:22:53 GMT" name="testseven" finished-at="2023-11-27T13:22:53 GMT" duration-ms="1" status="PASS">
          <reporter-output>
          </reporter-output>
        </test-method> <!-- testseven -->
        <test-method signature="testseven()[pri:0, instance:parellelScripts.sampleFourTest@c03cf28]" started-at="2023-11-27T13:22:53 GMT" name="testseven" finished-at="2023-11-27T13:22:53 GMT" duration-ms="1" status="PASS">
          <reporter-output>
          </reporter-output>
        </test-method> <!-- testseven -->
        <test-method signature="testseven()[pri:0, instance:parellelScripts.sampleFourTest@c03cf28]" started-at="2023-11-27T13:22:53 GMT" name="testseven" finished-at="2023-11-27T13:22:53 GMT" duration-ms="40" status="PASS">
          <reporter-output>
          </reporter-output>
        </test-method> <!-- testseven -->
        <test-method signature="testseven()[pri:0, instance:parellelScripts.sampleFourTest@c03cf28]" started-at="2023-11-27T13:22:53 GMT" name="testseven" finished-at="2023-11-27T13:22:53 GMT" duration-ms="9" status="PASS">
          <reporter-output>
          </reporter-output>
        </test-method> <!-- testseven -->
        <test-method signature="testseven()[pri:0, instance:parellelScripts.sampleFourTest@c03cf28]" started-at="2023-11-27T13:22:53 GMT" name="testseven" finished-at="2023-11-27T13:22:53 GMT" duration-ms="130" status="PASS">
          <reporter-output>
          </reporter-output>
        </test-method> <!-- testseven -->
        <test-method signature="testseven()[pri:0, instance:parellelScripts.sampleFourTest@c03cf28]" started-at="2023-11-27T13:22:53 GMT" name="testseven" finished-at="2023-11-27T13:22:53 GMT" duration-ms="1" status="PASS">
          <reporter-output>
          </reporter-output>
        </test-method> <!-- testseven -->
        <test-method signature="testseven()[pri:0, instance:parellelScripts.sampleFourTest@c03cf28]" started-at="2023-11-27T13:22:53 GMT" name="testseven" finished-at="2023-11-27T13:22:53 GMT" duration-ms="1" status="PASS">
          <reporter-output>
          </reporter-output>
        </test-method> <!-- testseven -->
        <test-method signature="testseven()[pri:0, instance:parellelScripts.sampleFourTest@c03cf28]" started-at="2023-11-27T13:22:53 GMT" name="testseven" finished-at="2023-11-27T13:22:53 GMT" duration-ms="2" status="PASS">
          <reporter-output>
          </reporter-output>
        </test-method> <!-- testseven -->
        <test-method signature="testseven()[pri:0, instance:parellelScripts.sampleFourTest@c03cf28]" started-at="2023-11-27T13:22:53 GMT" name="testseven" finished-at="2023-11-27T13:22:53 GMT" duration-ms="1" status="PASS">
          <reporter-output>
          </reporter-output>
        </test-method> <!-- testseven -->
        <test-method signature="testseven()[pri:0, instance:parellelScripts.sampleFourTest@c03cf28]" started-at="2023-11-27T13:22:53 GMT" name="testseven" finished-at="2023-11-27T13:22:53 GMT" duration-ms="1" status="PASS">
          <reporter-output>
          </reporter-output>
        </test-method> <!-- testseven -->
        <test-method signature="testseven()[pri:0, instance:parellelScripts.sampleFourTest@c03cf28]" started-at="2023-11-27T13:22:53 GMT" name="testseven" finished-at="2023-11-27T13:22:53 GMT" duration-ms="91" status="PASS">
          <reporter-output>
          </reporter-output>
        </test-method> <!-- testseven -->
        <test-method signature="testseven()[pri:0, instance:parellelScripts.sampleFourTest@c03cf28]" started-at="2023-11-27T13:22:53 GMT" name="testseven" finished-at="2023-11-27T13:22:53 GMT" duration-ms="0" status="PASS">
          <reporter-output>
          </reporter-output>
        </test-method> <!-- testseven -->
        <test-method signature="testseven()[pri:0, instance:parellelScripts.sampleFourTest@c03cf28]" started-at="2023-11-27T13:22:53 GMT" name="testseven" finished-at="2023-11-27T13:22:53 GMT" duration-ms="1" status="PASS">
          <reporter-output>
          </reporter-output>
        </test-method> <!-- testseven -->
        <test-method signature="testseven()[pri:0, instance:parellelScripts.sampleFourTest@c03cf28]" started-at="2023-11-27T13:22:53 GMT" name="testseven" finished-at="2023-11-27T13:22:53 GMT" duration-ms="1" status="PASS">
          <reporter-output>
          </reporter-output>
        </test-method> <!-- testseven -->
        <test-method signature="testseven()[pri:0, instance:parellelScripts.sampleFourTest@c03cf28]" started-at="2023-11-27T13:22:53 GMT" name="testseven" finished-at="2023-11-27T13:22:53 GMT" duration-ms="29" status="PASS">
          <reporter-output>
          </reporter-output>
        </test-method> <!-- testseven -->
        <test-method signature="testseven()[pri:0, instance:parellelScripts.sampleFourTest@c03cf28]" started-at="2023-11-27T13:22:53 GMT" name="testseven" finished-at="2023-11-27T13:22:53 GMT" duration-ms="49" status="PASS">
          <reporter-output>
          </reporter-output>
        </test-method> <!-- testseven -->
        <test-method signature="testseven()[pri:0, instance:parellelScripts.sampleFourTest@c03cf28]" started-at="2023-11-27T13:22:53 GMT" name="testseven" finished-at="2023-11-27T13:22:53 GMT" duration-ms="27" status="PASS">
          <reporter-output>
          </reporter-output>
        </test-method> <!-- testseven -->
        <test-method signature="testseven()[pri:0, instance:parellelScripts.sampleFourTest@c03cf28]" started-at="2023-11-27T13:22:53 GMT" name="testseven" finished-at="2023-11-27T13:22:53 GMT" duration-ms="2" status="PASS">
          <reporter-output>
          </reporter-output>
        </test-method> <!-- testseven -->
        <test-method signature="testseven()[pri:0, instance:parellelScripts.sampleFourTest@c03cf28]" started-at="2023-11-27T13:22:53 GMT" name="testseven" finished-at="2023-11-27T13:22:53 GMT" duration-ms="2" status="PASS">
          <reporter-output>
          </reporter-output>
        </test-method> <!-- testseven -->
        <test-method signature="testseven()[pri:0, instance:parellelScripts.sampleFourTest@c03cf28]" started-at="2023-11-27T13:22:53 GMT" name="testseven" finished-at="2023-11-27T13:22:53 GMT" duration-ms="1" status="PASS">
          <reporter-output>
          </reporter-output>
        </test-method> <!-- testseven -->
        <test-method signature="testseven()[pri:0, instance:parellelScripts.sampleFourTest@c03cf28]" started-at="2023-11-27T13:22:53 GMT" name="testseven" finished-at="2023-11-27T13:22:53 GMT" duration-ms="18" status="PASS">
          <reporter-output>
          </reporter-output>
        </test-method> <!-- testseven -->
        <test-method signature="testseven()[pri:0, instance:parellelScripts.sampleFourTest@c03cf28]" started-at="2023-11-27T13:22:53 GMT" name="testseven" finished-at="2023-11-27T13:22:53 GMT" duration-ms="5" status="PASS">
          <reporter-output>
          </reporter-output>
        </test-method> <!-- testseven -->
        <test-method signature="testseven()[pri:0, instance:parellelScripts.sampleFourTest@c03cf28]" started-at="2023-11-27T13:22:53 GMT" name="testseven" finished-at="2023-11-27T13:22:53 GMT" duration-ms="2" status="PASS">
          <reporter-output>
          </reporter-output>
        </test-method> <!-- testseven -->
        <test-method signature="testseven()[pri:0, instance:parellelScripts.sampleFourTest@c03cf28]" started-at="2023-11-27T13:22:53 GMT" name="testseven" finished-at="2023-11-27T13:22:53 GMT" duration-ms="1" status="PASS">
          <reporter-output>
          </reporter-output>
        </test-method> <!-- testseven -->
        <test-method signature="testseven()[pri:0, instance:parellelScripts.sampleFourTest@c03cf28]" started-at="2023-11-27T13:22:53 GMT" name="testseven" finished-at="2023-11-27T13:22:53 GMT" duration-ms="1" status="PASS">
          <reporter-output>
          </reporter-output>
        </test-method> <!-- testseven -->
        <test-method signature="testseven()[pri:0, instance:parellelScripts.sampleFourTest@c03cf28]" started-at="2023-11-27T13:22:53 GMT" name="testseven" finished-at="2023-11-27T13:22:53 GMT" duration-ms="104" status="PASS">
          <reporter-output>
          </reporter-output>
        </test-method> <!-- testseven -->
        <test-method signature="testseven()[pri:0, instance:parellelScripts.sampleFourTest@c03cf28]" started-at="2023-11-27T13:22:53 GMT" name="testseven" finished-at="2023-11-27T13:22:53 GMT" duration-ms="103" status="PASS">
          <reporter-output>
          </reporter-output>
        </test-method> <!-- testseven -->
        <test-method signature="testseven()[pri:0, instance:parellelScripts.sampleFourTest@c03cf28]" started-at="2023-11-27T13:22:53 GMT" name="testseven" finished-at="2023-11-27T13:22:53 GMT" duration-ms="1" status="PASS">
          <reporter-output>
          </reporter-output>
        </test-method> <!-- testseven -->
        <test-method signature="testseven()[pri:0, instance:parellelScripts.sampleFourTest@c03cf28]" started-at="2023-11-27T13:22:53 GMT" name="testseven" finished-at="2023-11-27T13:22:53 GMT" duration-ms="1" status="PASS">
          <reporter-output>
          </reporter-output>
        </test-method> <!-- testseven -->
        <test-method signature="testseven()[pri:0, instance:parellelScripts.sampleFourTest@c03cf28]" started-at="2023-11-27T13:22:53 GMT" name="testseven" finished-at="2023-11-27T13:22:53 GMT" duration-ms="100" status="PASS">
          <reporter-output>
          </reporter-output>
        </test-method> <!-- testseven -->
        <test-method signature="testseven()[pri:0, instance:parellelScripts.sampleFourTest@c03cf28]" started-at="2023-11-27T13:22:53 GMT" name="testseven" finished-at="2023-11-27T13:22:53 GMT" duration-ms="99" status="PASS">
          <reporter-output>
          </reporter-output>
        </test-method> <!-- testseven -->
[...]
          <reporter-output>
          </reporter-output>
        </test-method> <!-- testseven -->
        <test-method signature="testseven()[pri:0, instance:parellelScripts.sampleFourTest@c03cf28]" started-at="2023-11-27T13:22:54 GMT" name="testseven" finished-at="2023-11-27T13:22:54 GMT" duration-ms="0" status="PASS">
          <reporter-output>
          </reporter-output>
        </test-method> <!-- testseven -->
        <test-method signature="testseven()[pri:0, instance:parellelScripts.sampleFourTest@c03cf28]" started-at="2023-11-27T13:22:54 GMT" name="testseven" finished-at="2023-11-27T13:22:54 GMT" duration-ms="1" status="PASS">
          <reporter-output>
          </reporter-output>
        </test-method> <!-- testseven -->
        <test-method signature="testseven()[pri:0, instance:parellelScripts.sampleFourTest@c03cf28]" started-at="2023-11-27T13:22:54 GMT" name="testseven" finished-at="2023-11-27T13:22:54 GMT" duration-ms="1" status="PASS">
          <reporter-output>
          </reporter-output>
        </test-method> <!-- testseven -->
        <test-method signature="testseven()[pri:0, instance:parellelScripts.sampleFourTest@c03cf28]" started-at="2023-11-27T13:22:54 GMT" name="testseven" finished-at="2023-11-27T13:22:54 GMT" duration-ms="0" status="PASS">
          <reporter-output>
          </reporter-output>
        </test-method> <!-- testseven -->
        <test-method signature="testseven()[pri:0, instance:parellelScripts.sampleFourTest@c03cf28]" started-at="2023-11-27T13:22:54 GMT" name="testseven" finished-at="2023-11-27T13:22:54 GMT" duration-ms="0" status="PASS">
          <reporter-output>
          </reporter-output>
        </test-method> <!-- testseven -->
        <test-method signature="testseven()[pri:0, instance:parellelScripts.sampleFourTest@c03cf28]" started-at="2023-11-27T13:22:54 GMT" name="testseven" finished-at="2023-11-27T13:22:54 GMT" duration-ms="1" status="PASS">
          <reporter-output>
          </reporter-output>
        </test-method> <!-- testseven -->
        <test-method signature="testseven()[pri:0, instance:parellelScripts.sampleFourTest@c03cf28]" started-at="2023-11-27T13:22:54 GMT" name="testseven" finished-at="2023-11-27T13:22:54 GMT" duration-ms="2" status="PASS">
          <reporter-output>
          </reporter-output>
        </test-method> <!-- testseven -->
        <test-method signature="testseven()[pri:0, instance:parellelScripts.sampleFourTest@c03cf28]" started-at="2023-11-27T13:22:54 GMT" name="testseven" finished-at="2023-11-27T13:22:54 GMT" duration-ms="1" status="PASS">
          <reporter-output>
          </reporter-output>
        </test-method> <!-- testseven -->
        <test-method signature="testseven()[pri:0, instance:parellelScripts.sampleFourTest@c03cf28]" started-at="2023-11-27T13:22:54 GMT" name="testseven" finished-at="2023-11-27T13:22:54 GMT" duration-ms="2" status="PASS">
          <reporter-output>
          </reporter-output>
        </test-method> <!-- testseven -->
        <test-method signature="testseven()[pri:0, instance:parellelScripts.sampleFourTest@c03cf28]" started-at="2023-11-27T13:22:54 GMT" name="testseven" finished-at="2023-11-27T13:22:54 GMT" duration-ms="0" status="PASS">
          <reporter-output>
          </reporter-output>
        </test-method> <!-- testseven -->
        <test-method signature="testseven()[pri:0, instance:parellelScripts.sampleFourTest@c03cf28]" started-at="2023-11-27T13:22:54 GMT" name="testseven" finished-at="2023-11-27T13:22:54 GMT" duration-ms="0" status="PASS">
          <reporter-output>
          </reporter-output>
        </test-method> <!-- testseven -->
        <test-method signature="testseven()[pri:0, instance:parellelScripts.sampleFourTest@c03cf28]" started-at="2023-11-27T13:22:54 GMT" name="testseven" finished-at="2023-11-27T13:22:54 GMT" duration-ms="0" status="PASS">
          <reporter-output>
          </reporter-output>
        </test-method> <!-- testseven -->
        <test-method signature="testseven()[pri:0, instance:parellelScripts.sampleFourTest@c03cf28]" started-at="2023-11-27T13:22:54 GMT" name="testseven" finished-at="2023-11-27T13:22:54 GMT" duration-ms="0" status="PASS">
          <reporter-output>
          </reporter-output>
        </test-method> <!-- testseven -->
        <test-method signature="testseven()[pri:0, instance:parellelScripts.sampleFourTest@c03cf28]" started-at="2023-11-27T13:22:54 GMT" name="testseven" finished-at="2023-11-27T13:22:54 GMT" duration-ms="1" status="PASS">
          <reporter-output>
          </reporter-output>
        </test-method> <!-- testseven -->
        <test-method signature="testseven()[pri:0, instance:parellelScripts.sampleFourTest@c03cf28]" started-at="2023-11-27T13:22:54 GMT" name="testseven" finished-at="2023-11-27T13:22:54 GMT" duration-ms="280" status="PASS">
          <reporter-output>
          </reporter-output>
        </test-method> <!-- testseven -->
        <test-method signature="testseven()[pri:0, instance:parellelScripts.sampleFourTest@c03cf28]" started-at="2023-11-27T13:22:54 GMT" name="testseven" finished-at="2023-11-27T13:22:54 GMT" duration-ms="48" status="PASS">
          <reporter-output>
          </reporter-output>
        </test-method> <!-- testseven -->
        <test-method signature="testseven()[pri:0, instance:parellelScripts.sampleFourTest@c03cf28]" started-at="2023-11-27T13:22:54 GMT" name="testseven" finished-at="2023-11-27T13:22:54 GMT" duration-ms="3" status="PASS">
          <reporter-output>
          </reporter-output>
        </test-method> <!-- testseven -->
        <test-method signature="testseven()[pri:0, instance:parellelScripts.sampleFourTest@c03cf28]" started-at="2023-11-27T13:22:54 GMT" name="testseven" finished-at="2023-11-27T13:22:54 GMT" duration-ms="1" status="PASS">
          <reporter-output>
          </reporter-output>
        </test-method> <!-- testseven -->
        <test-method signature="testseven()[pri:0, instance:parellelScripts.sampleFourTest@c03cf28]" started-at="2023-11-27T13:22:54 GMT" name="testseven" finished-at="2023-11-27T13:22:54 GMT" duration-ms="1" status="PASS">
          <reporter-output>
          </reporter-output>
        </test-method> <!-- testseven -->
        <test-method signature="testseven()[pri:0, instance:parellelScripts.sampleFourTest@c03cf28]" started-at="2023-11-27T13:22:54 GMT" name="testseven" finished-at="2023-11-27T13:22:54 GMT" duration-ms="1" status="PASS">
          <reporter-output>
          </reporter-output>
        </test-method> <!-- testseven -->
        <test-method signature="testseven()[pri:0, instance:parellelScripts.sampleFourTest@c03cf28]" started-at="2023-11-27T13:22:54 GMT" name="testseven" finished-at="2023-11-27T13:22:54 GMT" duration-ms="1" status="PASS">
          <reporter-output>
          </reporter-output>
        </test-method> <!-- testseven -->
        <test-method signature="testseven()[pri:0, instance:parellelScripts.sampleFourTest@c03cf28]" started-at="2023-11-27T13:22:54 GMT" name="testseven" finished-at="2023-11-27T13:22:54 GMT" duration-ms="1" status="PASS">
          <reporter-output>
          </reporter-output>
        </test-method> <!-- testseven -->
        <test-method signature="testseven()[pri:0, instance:parellelScripts.sampleFourTest@c03cf28]" started-at="2023-11-27T13:22:54 GMT" name="testseven" finished-at="2023-11-27T13:22:54 GMT" duration-ms="1" status="PASS">
          <reporter-output>
          </reporter-output>
        </test-method> <!-- testseven -->
        <test-method signature="testseven()[pri:0, instance:parellelScripts.sampleFourTest@c03cf28]" started-at="2023-11-27T13:22:54 GMT" name="testseven" finished-at="2023-11-27T13:22:54 GMT" duration-ms="4" status="PASS">
          <reporter-output>
          </reporter-output>
        </test-method> <!-- testseven -->
        <test-method signature="testseven()[pri:0, instance:parellelScripts.sampleFourTest@c03cf28]" started-at="2023-11-27T13:22:54 GMT" name="testseven" finished-at="2023-11-27T13:22:54 GMT" duration-ms="32" status="PASS">
          <reporter-output>
          </reporter-output>
        </test-method> <!-- testseven -->
        <test-method signature="testseven()[pri:0, instance:parellelScripts.sampleFourTest@c03cf28]" started-at="2023-11-27T13:22:54 GMT" name="testseven" finished-at="2023-11-27T13:22:54 GMT" duration-ms="0" status="PASS">
          <reporter-output>
          </reporter-output>
        </test-method> <!-- testseven -->
        <test-method signature="testseven()[pri:0, instance:parellelScripts.sampleFourTest@c03cf28]" started-at="2023-11-27T13:22:54 GMT" name="testseven" finished-at="2023-11-27T13:22:54 GMT" duration-ms="8" status="PASS">
          <reporter-output>
          </reporter-output>
        </test-method> <!-- testseven -->
        <test-method signature="testseven()[pri:0, instance:parellelScripts.sampleFourTest@c03cf28]" started-at="2023-11-27T13:22:54 GMT" name="testseven" finished-at="2023-11-27T13:22:54 GMT" duration-ms="1" status="PASS">
          <reporter-output>
          </reporter-output>
        </test-method> <!-- testseven -->
        <test-method signature="testseven()[pri:0, instance:parellelScripts.sampleFourTest@c03cf28]" started-at="2023-11-27T13:22:54 GMT" name="testseven" finished-at="2023-11-27T13:22:54 GMT" duration-ms="2" status="PASS">
          <reporter-output>
          </reporter-output>
        </test-method> <!-- testseven -->
        <test-method signature="testseven()[pri:0, instance:parellelScripts.sampleFourTest@c03cf28]" started-at="2023-11-27T13:22:54 GMT" name="testseven" finished-at="2023-11-27T13:22:54 GMT" duration-ms="1" status="PASS">
          <reporter-output>
          </reporter-output>
        </test-method> <!-- testseven -->
        <test-method signature="testseven()[pri:0, instance:parellelScripts.sampleFourTest@c03cf28]" started-at="2023-11-27T13:22:54 GMT" name="testseven" finished-at="2023-11-27T13:22:54 GMT" duration-ms="0" status="PASS">
          <reporter-output>
          </reporter-output>
        </test-method> <!-- testseven -->
        <test-method signature="testseven()[pri:0, instance:parellelScripts.sampleFourTest@c03cf28]" started-at="2023-11-27T13:22:54 GMT" name="testseven" finished-at="2023-11-27T13:22:54 GMT" duration-ms="0" status="PASS">
          <reporter-output>
          </reporter-output>
        </test-method> <!-- testseven -->
        <test-method signature="testseven()[pri:0, instance:parellelScripts.sampleFourTest@c03cf28]" started-at="2023-11-27T13:22:54 GMT" name="testseven" finished-at="2023-11-27T13:22:54 GMT" duration-ms="1" status="PASS">
          <reporter-output>
          </reporter-output>
        </test-method> <!-- testseven -->
        <test-method signature="testseven()[pri:0, instance:parellelScripts.sampleFourTest@c03cf28]" started-at="2023-11-27T13:22:54 GMT" name="testseven" finished-at="2023-11-27T13:22:54 GMT" duration-ms="0" status="PASS">
          <reporter-output>
          </reporter-output>
        </test-method> <!-- testseven -->
        <test-method signature="testseven()[pri:0, instance:parellelScripts.sampleFourTest@c03cf28]" started-at="2023-11-27T13:22:54 GMT" name="testseven" finished-at="2023-11-27T13:22:54 GMT" duration-ms="0" status="PASS">
          <reporter-output>
          </reporter-output>
        </test-method> <!-- testseven -->
        <test-method signature="testseven()[pri:0, instance:parellelScripts.sampleFourTest@c03cf28]" started-at="2023-11-27T13:22:54 GMT" name="testseven" finished-at="2023-11-27T13:22:54 GMT" duration-ms="2" status="PASS">
          <reporter-output>
          </reporter-output>
        </test-method> <!-- testseven -->
        <test-method signature="testseven()[pri:0, instance:parellelScripts.sampleFourTest@c03cf28]" started-at="2023-11-27T13:22:54 GMT" name="testseven" finished-at="2023-11-27T13:22:54 GMT" duration-ms="204" status="PASS">
          <reporter-output>
          </reporter-output>
        </test-method> <!-- testseven -->
        <test-method signature="testseven()[pri:0, instance:parellelScripts.sampleFourTest@c03cf28]" started-at="2023-11-27T13:22:54 GMT" name="testseven" finished-at="2023-11-27T13:22:54 GMT" duration-ms="199" status="PASS">
          <reporter-output>
          </reporter-output>
        </test-method> <!-- testseven -->
        <test-method signature="testseven()[pri:0, instance:parellelScripts.sampleFourTest@c03cf28]" started-at="2023-11-27T13:22:54 GMT" name="testseven" finished-at="2023-11-27T13:22:54 GMT" duration-ms="194" status="PASS">
          <reporter-output>
          </reporter-output>
        </test-method> <!-- testseven -->
        <test-method signature="testseven()[pri:0, instance:parellelScripts.sampleFourTest@c03cf28]" started-at="2023-11-27T13:22:54 GMT" name="testseven" finished-at="2023-11-27T13:22:54 GMT" duration-ms="196" status="PASS">
          <reporter-output>
          </reporter-output>
        </test-method> <!-- testseven -->
        <test-method signature="testseven()[pri:0, instance:parellelScripts.sampleFourTest@c03cf28]" started-at="2023-11-27T13:22:54 GMT" name="testseven" finished-at="2023-11-27T13:22:54 GMT" duration-ms="192" status="PASS">
          <reporter-output>
          </reporter-output>
        </test-method> <!-- testseven -->
        <test-method signature="testseven()[pri:0, instance:parellelScripts.sampleFourTest@c03cf28]" started-at="2023-11-27T13:22:54 GMT" name="testseven" finished-at="2023-11-27T13:22:54 GMT" duration-ms="190" status="PASS">
          <reporter-output>
          </reporter-output>
        </test-method> <!-- testseven -->
        <test-method signature="testseven()[pri:0, instance:parellelScripts.sampleFourTest@c03cf28]" started-at="2023-11-27T13:22:54 GMT" name="testseven" finished-at="2023-11-27T13:22:54 GMT" duration-ms="185" status="PASS">
          <reporter-output>
          </reporter-output>
        </test-method> <!-- testseven -->
        <test-method signature="testseven()[pri:0, instance:parellelScripts.sampleFourTest@c03cf28]" started-at="2023-11-27T13:22:54 GMT" name="testseven" finished-at="2023-11-27T13:22:54 GMT" duration-ms="86" status="PASS">
          <reporter-output>
          </reporter-output>
        </test-method> <!-- testseven -->
        <test-method signature="testseven()[pri:0, instance:parellelScripts.sampleFourTest@c03cf28]" started-at="2023-11-27T13:22:54 GMT" name="testseven" finished-at="2023-11-27T13:22:54 GMT" duration-ms="59" status="PASS">
          <reporter-output>
          </reporter-output>
        </test-method> <!-- testseven -->
        <test-method signature="testseven()[pri:0, instance:parellelScripts.sampleFourTest@c03cf28]" started-at="2023-11-27T13:22:54 GMT" name="testseven" finished-at="2023-11-27T13:22:54 GMT" duration-ms="60" status="PASS">
          <reporter-output>
          </reporter-output>
        </test-method> <!-- testseven -->
        <test-method signature="testseven()[pri:0, instance:parellelScripts.sampleFourTest@c03cf28]" started-at="2023-11-27T13:22:54 GMT" name="testseven" finished-at="2023-11-27T13:22:54 GMT" duration-ms="20" status="PASS">
          <reporter-output>
          </reporter-output>
        </test-method> <!-- testseven -->
        <test-method signature="testseven()[pri:0, instance:parellelScripts.sampleFourTest@c03cf28]" started-at="2023-11-27T13:22:54 GMT" name="testseven" finished-at="2023-11-27T13:22:54 GMT" duration-ms="0" status="PASS">
          <reporter-output>
          </reporter-output>
        </test-method> <!-- testseven -->
        <test-method signature="testseven()[pri:0, instance:parellelScripts.sampleFourTest@c03cf28]" started-at="2023-11-27T13:22:54 GMT" name="testseven" finished-at="2023-11-27T13:22:54 GMT" duration-ms="20" status="PASS">
          <reporter-output>
          </reporter-output>
        </test-method> <!-- testseven -->
        <test-method signature="testseven()[pri:0, instance:parellelScripts.sampleFourTest@c03cf28]" started-at="2023-11-27T13:22:54 GMT" name="testseven" finished-at="2023-11-27T13:22:54 GMT" duration-ms="0" status="PASS">
          <reporter-output>
          </reporter-output>
        </test-method> <!-- testseven -->
        <test-method signature="testseven()[pri:0, instance:parellelScripts.sampleFourTest@c03cf28]" started-at="2023-11-27T13:22:54 GMT" name="testseven" finished-at="2023-11-27T13:22:54 GMT" duration-ms="0" status="PASS">
          <reporter-output>
          </reporter-output>
        </test-method> <!-- testseven -->
        <test-method signature="testseven()[pri:0, instance:parellelScripts.sampleFourTest@c03cf28]" started-at="2023-11-27T13:22:54 GMT" name="testseven" finished-at="2023-11-27T13:22:54 GMT" duration-ms="0" status="PASS">
          <reporter-output>
          </reporter-output>
        </test-method> <!-- testseven -->
        <test-method signature="testseven()[pri:0, instance:parellelScripts.sampleFourTest@c03cf28]" started-at="2023-11-27T13:22:54 GMT" name="testseven" finished-at="2023-11-27T13:22:54 GMT" duration-ms="1" status="PASS">
          <reporter-output>
          </reporter-output>
        </test-method> <!-- testseven -->
        <test-method signature="testseven()[pri:0, instance:parellelScripts.sampleFourTest@c03cf28]" started-at="2023-11-27T13:22:54 GMT" name="testseven" finished-at="2023-11-27T13:22:54 GMT" duration-ms="1" status="PASS">
          <reporter-output>
          </reporter-output>
        </test-method> <!-- testseven -->
        <test-method signature="testseven()[pri:0, instance:parellelScripts.sampleFourTest@c03cf28]" started-at="2023-11-27T13:22:54 GMT" name="testseven" finished-at="2023-11-27T13:22:54 GMT" duration-ms="1" status="PASS">
          <reporter-output>
          </reporter-output>
        </test-method> <!-- testseven -->
        <test-method signature="testseven()[pri:0, instance:parellelScripts.sampleFourTest@c03cf28]" started-at="2023-11-27T13:22:54 GMT" name="testseven" finished-at="2023-11-27T13:22:54 GMT" duration-ms="1" status="PASS">
          <reporter-output>
          </reporter-output>
        </test-method> <!-- testseven -->
        <test-method signature="testseven()[pri:0, instance:parellelScripts.sampleFourTest@c03cf28]" started-at="2023-11-27T13:22:54 GMT" name="testseven" finished-at="2023-11-27T13:22:54 GMT" duration-ms="3" status="PASS">
          <reporter-output>
          </reporter-output>
        </test-method> <!-- testseven -->
        <test-method signature="testseven()[pri:0, instance:parellelScripts.sampleFourTest@c03cf28]" started-at="2023-11-27T13:22:54 GMT" name="testseven" finished-at="2023-11-27T13:22:54 GMT" duration-ms="0" status="PASS">
          <reporter-output>
          </reporter-output>
        </test-method> <!-- testseven -->
        <test-method signature="testseven()[pri:0, instance:parellelScripts.sampleFourTest@c03cf28]" started-at="2023-11-27T13:22:54 GMT" name="testseven" finished-at="2023-11-27T13:22:54 GMT" duration-ms="0" status="PASS">
          <reporter-output>
          </reporter-output>
        </test-method> <!-- testseven -->
        <test-method signature="testseven()[pri:0, instance:parellelScripts.sampleFourTest@c03cf28]" started-at="2023-11-27T13:22:54 GMT" name="testseven" finished-at="2023-11-27T13:22:54 GMT" duration-ms="0" status="PASS">
          <reporter-output>
          </reporter-output>
        </test-method> <!-- testseven -->
        <test-method signature="testsix()[pri:0, instance:parellelScripts.sampleFourTest@c03cf28]" started-at="2023-11-27T13:22:54 GMT" name="testsix" finished-at="2023-11-27T13:22:54 GMT" duration-ms="2" status="PASS">
          <reporter-output>
          </reporter-output>
        </test-method> <!-- testsix -->
      </class> <!-- parellelScripts.sampleFourTest -->
    </test> <!-- Default test -->
  </suite> <!-- Default suite -->
</testng-results>
